Time: Вт 29 дек 2020 14:07:30 +07: handshake doesn't exist
Time: Вт 29 дек 2020 14:07:46 +07: handshake doesn't exist
Time: Вт 29 дек 2020 14:08:02 +07: handshake doesn't exist
Time: Вт 29 дек 2020 14:08:17 +07: handshake doesn't exist
Time: Вт 29 дек 2020 14:08:33 +07: handshake doesn't exist
Time: Вт 29 дек 2020 14:08:49 +07: handshake doesn't exist
Time: Вт 29 дек 2020 14:09:05 +07: handshake doesn't exist
Time: Вт 29 дек 2020 14:09:21 +07: handshake doesn't exist
Time: Вт 29 дек 2020 14:09:36 +07: handshake doesn't exist
Time: Вт 29 дек 2020 14:09:52 +07: handshake doesn't exist
Time: Вт 29 дек 2020 14:10:11 +07: handshake exist
Time: Вт 29 дек 2020 14:10:18 +07: end decrypting
Time: Вт 29 дек 2020 14:10:18 +07: remove old wordlist
Time: Вт 29 дек 2020 14:10:18 +07: remove old handshake
Time: Вт 29 дек 2020 14:10:22 +07: run sending.sh
Time: Вт 29 дек 2020 14:10:38 +07: handshake doesn't exist
Time: Вт 29 дек 2020 14:10:54 +07: handshake doesn't exist
Time: Вт 29 дек 2020 14:11:09 +07: handshake doesn't exist
Time: Вт 29 дек 2020 14:11:25 +07: handshake doesn't exist
Time: Вт 29 дек 2020 14:11:41 +07: handshake doesn't exist
Time: Вт 29 дек 2020 14:11:57 +07: handshake doesn't exist
Time: Вт 29 дек 2020 14:12:13 +07: handshake doesn't exist
Time: Вт 29 дек 2020 14:12:29 +07: handshake doesn't exist
Time: Вт 29 дек 2020 14:12:44 +07: handshake doesn't exist
Time: Вт 29 дек 2020 14:13:00 +07: handshake doesn't exist
Time: Вт 29 дек 2020 14:13:16 +07: handshake doesn't exist
Time: Вт 29 дек 2020 14:13:32 +07: handshake doesn't exist
Time: Вт 29 дек 2020 14:21:18 +07: handshake exist
Time: Вт 29 дек 2020 14:21:18 +07: end decrypting
Time: Вт 29 дек 2020 14:21:18 +07: remove old handshake
