Time: Вт 29 дек 2020 14:34:37 +07: start sending
Time: Вт 29 дек 2020 14:34:37 +07: key add
Time: Вт 29 дек 2020 14:34:37 +07: key saved
Time: Вт 29 дек 2020 14:34:54 +07: key sended
Time: Вт 29 дек 2020 14:36:25 +07: start sending
Time: Вт 29 дек 2020 14:36:25 +07: key add
Time: Вт 29 дек 2020 14:36:25 +07: key saved
Time: Вт 29 дек 2020 14:36:39 +07: start sending
Time: Вт 29 дек 2020 14:36:39 +07: key add
Time: Вт 29 дек 2020 14:36:39 +07: key saved
Time: Вт 29 дек 2020 14:36:43 +07: key sended
Time: Вт 29 дек 2020 14:38:19 +07: start sending
Time: Вт 29 дек 2020 14:38:19 +07: key add
Time: Вт 29 дек 2020 14:38:19 +07: key saved
Time: Вт 29 дек 2020 14:38:24 +07: key sended
Time: Вт 29 дек 2020 14:40:48 +07: start sending
Time: Вт 29 дек 2020 14:40:48 +07: key add
Time: Вт 29 дек 2020 14:40:48 +07: key saved
Time: Вт 29 дек 2020 14:40:52 +07: key sended
Time: Вт 29 дек 2020 14:47:47 +07: start sending
Time: Вт 29 дек 2020 14:47:47 +07: key add
Time: Вт 29 дек 2020 14:47:48 +07: key saved
Time: Вт 29 дек 2020 14:47:52 +07: key sended
Time: Вт 29 дек 2020 20:21:12 +07: start sending
Time: Вт 29 дек 2020 20:21:12 +07: key add
Time: Вт 29 дек 2020 20:21:12 +07: key saved
Time: Вт 29 дек 2020 20:21:16 +07: key sended
Time: Вт 29 дек 2020 20:21:33 +07: start sending
Time: Вт 29 дек 2020 20:25:57 +07: start sending
Time: Вт 29 дек 2020 20:25:57 +07: key add
Time: Вт 29 дек 2020 20:25:58 +07: key saved
Time: Вт 29 дек 2020 20:26:02 +07: key sended
Time: Вт 29 дек 2020 20:26:51 +07: start sending
Time: Вт 29 дек 2020 20:26:51 +07: key add
Time: Вт 29 дек 2020 20:26:51 +07: key saved
Time: Вт 29 дек 2020 20:27:10 +07: key sended
Time: Вт 29 дек 2020 20:28:13 +07: start sending
Time: Вт 29 дек 2020 20:28:13 +07: key add
Time: Вт 29 дек 2020 20:28:13 +07: key saved
Time: Вт 29 дек 2020 20:28:17 +07: key sended
Time: Ср 30 дек 2020 00:11:40 +07: start sending
Time: Ср 30 дек 2020 00:11:40 +07: key add
Time: Ср 30 дек 2020 00:11:40 +07: key saved
Time: Ср 30 дек 2020 00:11:45 +07: key sended
Time: Ср 30 дек 2020 12:17:47 +07: start sending
Time: Ср 30 дек 2020 12:17:47 +07: key add
Time: Ср 30 дек 2020 12:17:47 +07: key saved
Time: Ср 30 дек 2020 12:17:51 +07: key sended
Time: Ср 30 дек 2020 15:33:22 +07: start sending
