Time: Вт 29 дек 2020 14:33:17 +07: wait new instruction
Time: Вт 29 дек 2020 14:33:33 +07: sleeping
Time: Вт 29 дек 2020 14:33:33 +07: wait new instruction
Time: Вт 29 дек 2020 14:33:48 +07: sleeping
Time: Вт 29 дек 2020 14:33:48 +07: wait new instruction
Time: Вт 29 дек 2020 14:34:04 +07: sleeping
Time: Вт 29 дек 2020 14:34:04 +07: wait new instruction
Time: Вт 29 дек 2020 14:34:20 +07: sleeping
Time: Вт 29 дек 2020 14:34:20 +07: wait new instruction
Time: Вт 29 дек 2020 14:34:36 +07: sleeping
Time: Вт 29 дек 2020 14:34:36 +07: wait new instruction
Time: Вт 29 дек 2020 14:34:37 +07: get new instruction
Time: Вт 29 дек 2020 14:34:54 +07: run decryptor.sh
Time: Вт 29 дек 2020 14:36:43 +07: wait new instruction
Time: Вт 29 дек 2020 14:36:59 +07: sleeping
Time: Вт 29 дек 2020 14:36:59 +07: wait new instruction
Time: Вт 29 дек 2020 14:37:15 +07: sleeping
Time: Вт 29 дек 2020 14:37:15 +07: wait new instruction
Time: Вт 29 дек 2020 14:37:31 +07: sleeping
Time: Вт 29 дек 2020 14:37:31 +07: wait new instruction
Time: Вт 29 дек 2020 14:37:46 +07: sleeping
Time: Вт 29 дек 2020 14:37:46 +07: wait new instruction
Time: Вт 29 дек 2020 14:38:02 +07: sleeping
Time: Вт 29 дек 2020 14:38:02 +07: wait new instruction
Time: Вт 29 дек 2020 14:38:18 +07: sleeping
Time: Вт 29 дек 2020 14:38:18 +07: wait new instruction
Time: Вт 29 дек 2020 14:38:19 +07: get new instruction
Time: Вт 29 дек 2020 14:38:24 +07: wait new instruction
Time: Вт 29 дек 2020 14:38:39 +07: sleeping
Time: Вт 29 дек 2020 14:38:39 +07: wait new instruction
Time: Вт 29 дек 2020 14:40:15 +07: wait new instruction
Time: Вт 29 дек 2020 14:40:16 +07: sleeping
Time: Вт 29 дек 2020 14:40:31 +07: wait new instruction
Time: Вт 29 дек 2020 14:40:32 +07: sleeping
Time: Вт 29 дек 2020 14:40:47 +07: wait new instruction
Time: Вт 29 дек 2020 14:40:48 +07: get new instruction
Time: Вт 29 дек 2020 14:40:52 +07: wait new instruction
Time: Вт 29 дек 2020 14:40:53 +07: sleeping
Time: Вт 29 дек 2020 14:41:08 +07: wait new instruction
Time: Вт 29 дек 2020 14:41:09 +07: sleeping
Time: Вт 29 дек 2020 14:41:24 +07: wait new instruction
Time: Вт 29 дек 2020 14:41:24 +07: sleeping
Time: Вт 29 дек 2020 14:41:39 +07: wait new instruction
Time: Вт 29 дек 2020 14:41:40 +07: sleeping
Time: Вт 29 дек 2020 14:41:55 +07: wait new instruction
Time: Вт 29 дек 2020 14:41:56 +07: sleeping
Time: Вт 29 дек 2020 14:42:11 +07: wait new instruction
Time: Вт 29 дек 2020 14:42:12 +07: sleeping
Time: Вт 29 дек 2020 14:42:27 +07: wait new instruction
Time: Вт 29 дек 2020 14:42:28 +07: sleeping
Time: Вт 29 дек 2020 14:42:43 +07: wait new instruction
Time: Вт 29 дек 2020 14:42:44 +07: sleeping
Time: Вт 29 дек 2020 14:42:59 +07: wait new instruction
Time: Вт 29 дек 2020 14:42:59 +07: sleeping
Time: Вт 29 дек 2020 14:43:14 +07: wait new instruction
Time: Вт 29 дек 2020 14:43:15 +07: sleeping
Time: Вт 29 дек 2020 14:43:30 +07: wait new instruction
Time: Вт 29 дек 2020 14:43:31 +07: sleeping
Time: Вт 29 дек 2020 14:43:46 +07: wait new instruction
Time: Вт 29 дек 2020 14:43:47 +07: sleeping
Time: Вт 29 дек 2020 14:44:02 +07: wait new instruction
Time: Вт 29 дек 2020 14:44:03 +07: sleeping
Time: Вт 29 дек 2020 14:44:18 +07: wait new instruction
Time: Вт 29 дек 2020 14:44:19 +07: sleeping
Time: Вт 29 дек 2020 14:44:34 +07: wait new instruction
Time: Вт 29 дек 2020 14:44:34 +07: sleeping
Time: Вт 29 дек 2020 14:44:49 +07: wait new instruction
Time: Вт 29 дек 2020 14:44:50 +07: sleeping
Time: Вт 29 дек 2020 14:45:05 +07: wait new instruction
Time: Вт 29 дек 2020 14:45:06 +07: sleeping
Time: Вт 29 дек 2020 14:45:21 +07: wait new instruction
Time: Вт 29 дек 2020 14:45:22 +07: sleeping
Time: Вт 29 дек 2020 14:45:37 +07: wait new instruction
Time: Вт 29 дек 2020 14:45:38 +07: sleeping
Time: Вт 29 дек 2020 14:45:53 +07: wait new instruction
Time: Вт 29 дек 2020 14:45:54 +07: sleeping
Time: Вт 29 дек 2020 14:46:09 +07: wait new instruction
Time: Вт 29 дек 2020 14:46:09 +07: sleeping
Time: Вт 29 дек 2020 14:46:24 +07: wait new instruction
Time: Вт 29 дек 2020 14:46:25 +07: sleeping
Time: Вт 29 дек 2020 14:46:40 +07: wait new instruction
Time: Вт 29 дек 2020 14:46:41 +07: sleeping
Time: Вт 29 дек 2020 14:46:56 +07: wait new instruction
Time: Вт 29 дек 2020 14:46:57 +07: sleeping
Time: Вт 29 дек 2020 14:47:12 +07: wait new instruction
Time: Вт 29 дек 2020 14:47:13 +07: sleeping
Time: Вт 29 дек 2020 14:47:28 +07: wait new instruction
Time: Вт 29 дек 2020 14:47:28 +07: sleeping
Time: Вт 29 дек 2020 14:47:43 +07: wait new instruction
Time: Вт 29 дек 2020 14:47:47 +07: get new instruction
Time: Вт 29 дек 2020 14:47:52 +07: wait new instruction
Time: Вт 29 дек 2020 14:47:53 +07: sleeping
Time: Вт 29 дек 2020 14:48:08 +07: wait new instruction
Time: Вт 29 дек 2020 14:48:08 +07: sleeping
Time: Вт 29 дек 2020 14:48:23 +07: wait new instruction
Time: Вт 29 дек 2020 14:48:24 +07: sleeping
Time: Вт 29 дек 2020 14:48:39 +07: wait new instruction
Time: Вт 29 дек 2020 14:48:40 +07: sleeping
Time: Вт 29 дек 2020 20:17:44 +07: wait new instruction
Time: Вт 29 дек 2020 20:17:45 +07: sleeping
Time: Вт 29 дек 2020 20:18:00 +07: wait new instruction
Time: Вт 29 дек 2020 20:18:01 +07: sleeping
Time: Вт 29 дек 2020 20:18:16 +07: wait new instruction
Time: Вт 29 дек 2020 20:18:17 +07: sleeping
Time: Вт 29 дек 2020 20:18:32 +07: wait new instruction
Time: Вт 29 дек 2020 20:18:32 +07: sleeping
Time: Вт 29 дек 2020 20:18:47 +07: wait new instruction
Time: Вт 29 дек 2020 20:18:48 +07: sleeping
Time: Вт 29 дек 2020 20:19:03 +07: wait new instruction
Time: Вт 29 дек 2020 20:19:04 +07: sleeping
Time: Вт 29 дек 2020 20:19:19 +07: wait new instruction
Time: Вт 29 дек 2020 20:19:20 +07: sleeping
Time: Вт 29 дек 2020 20:19:35 +07: wait new instruction
Time: Вт 29 дек 2020 20:19:36 +07: sleeping
Time: Вт 29 дек 2020 20:19:51 +07: wait new instruction
Time: Вт 29 дек 2020 20:19:52 +07: sleeping
Time: Вт 29 дек 2020 20:20:07 +07: wait new instruction
Time: Вт 29 дек 2020 20:20:08 +07: sleeping
Time: Вт 29 дек 2020 20:20:23 +07: wait new instruction
Time: Вт 29 дек 2020 20:20:24 +07: sleeping
Time: Вт 29 дек 2020 20:20:39 +07: wait new instruction
Time: Вт 29 дек 2020 20:20:40 +07: sleeping
Time: Вт 29 дек 2020 20:20:55 +07: wait new instruction
Time: Вт 29 дек 2020 20:20:56 +07: sleeping
Time: Вт 29 дек 2020 20:21:11 +07: wait new instruction
Time: Вт 29 дек 2020 20:21:11 +07: get new instruction
Time: Вт 29 дек 2020 20:21:16 +07: wait new instruction
Time: Вт 29 дек 2020 20:21:17 +07: sleeping
Time: Вт 29 дек 2020 20:21:32 +07: wait new instruction
Time: Вт 29 дек 2020 20:21:33 +07: get new instruction
Time: Вт 29 дек 2020 20:25:50 +07: wait new instruction
Time: Вт 29 дек 2020 20:25:51 +07: get new instruction
Time: Вт 29 дек 2020 20:26:02 +07: wait new instruction
Time: Вт 29 дек 2020 20:26:03 +07: sleeping
Time: Вт 29 дек 2020 20:26:18 +07: wait new instruction
Time: Вт 29 дек 2020 20:26:19 +07: sleeping
Time: Вт 29 дек 2020 20:26:34 +07: wait new instruction
Time: Вт 29 дек 2020 20:26:34 +07: sleeping
Time: Вт 29 дек 2020 20:26:49 +07: wait new instruction
Time: Вт 29 дек 2020 20:26:51 +07: get new instruction
Time: Вт 29 дек 2020 20:27:10 +07: wait new instruction
Time: Вт 29 дек 2020 20:27:11 +07: sleeping
Time: Вт 29 дек 2020 20:27:26 +07: wait new instruction
Time: Вт 29 дек 2020 20:27:27 +07: sleeping
Time: Вт 29 дек 2020 20:27:42 +07: wait new instruction
Time: Вт 29 дек 2020 20:27:43 +07: sleeping
Time: Вт 29 дек 2020 20:27:58 +07: wait new instruction
Time: Вт 29 дек 2020 20:28:07 +07: get new instruction
Time: Вт 29 дек 2020 20:28:17 +07: wait new instruction
Time: Вт 29 дек 2020 20:28:18 +07: sleeping
Time: Вт 29 дек 2020 20:28:33 +07: wait new instruction
Time: Вт 29 дек 2020 20:28:34 +07: sleeping
Time: Вт 29 дек 2020 20:28:49 +07: wait new instruction
Time: Вт 29 дек 2020 20:28:50 +07: sleeping
Time: Вт 29 дек 2020 20:29:05 +07: wait new instruction
Time: Вт 29 дек 2020 20:29:06 +07: sleeping
Time: Вт 29 дек 2020 20:29:21 +07: wait new instruction
Time: Вт 29 дек 2020 20:29:22 +07: sleeping
Time: Вт 29 дек 2020 20:29:37 +07: wait new instruction
Time: Вт 29 дек 2020 20:29:37 +07: sleeping
Time: Вт 29 дек 2020 20:29:52 +07: wait new instruction
Time: Вт 29 дек 2020 20:29:53 +07: sleeping
Time: Вт 29 дек 2020 20:30:08 +07: wait new instruction
Time: Вт 29 дек 2020 20:30:09 +07: sleeping
Time: Вт 29 дек 2020 20:30:24 +07: wait new instruction
Time: Вт 29 дек 2020 20:30:25 +07: sleeping
Time: Вт 29 дек 2020 20:30:40 +07: wait new instruction
Time: Вт 29 дек 2020 20:30:41 +07: sleeping
Time: Вт 29 дек 2020 20:30:56 +07: wait new instruction
Time: Вт 29 дек 2020 20:30:57 +07: sleeping
Time: Вт 29 дек 2020 20:31:12 +07: wait new instruction
Time: Вт 29 дек 2020 20:31:12 +07: sleeping
Time: Вт 29 дек 2020 20:31:27 +07: wait new instruction
Time: Вт 29 дек 2020 20:31:28 +07: sleeping
Time: Вт 29 дек 2020 20:31:43 +07: wait new instruction
Time: Вт 29 дек 2020 20:31:44 +07: sleeping
Time: Вт 29 дек 2020 20:31:59 +07: wait new instruction
Time: Вт 29 дек 2020 20:32:00 +07: sleeping
Time: Вт 29 дек 2020 20:32:15 +07: wait new instruction
Time: Вт 29 дек 2020 20:32:16 +07: sleeping
Time: Вт 29 дек 2020 20:32:31 +07: wait new instruction
Time: Вт 29 дек 2020 20:32:32 +07: sleeping
Time: Вт 29 дек 2020 20:32:47 +07: wait new instruction
Time: Вт 29 дек 2020 20:32:47 +07: sleeping
Time: Вт 29 дек 2020 20:33:02 +07: wait new instruction
Time: Вт 29 дек 2020 20:33:02 +07: sleeping
Time: Вт 29 дек 2020 20:33:17 +07: wait new instruction
Time: Вт 29 дек 2020 20:33:17 +07: sleeping
Time: Вт 29 дек 2020 20:33:32 +07: wait new instruction
Time: Вт 29 дек 2020 20:33:32 +07: sleeping
Time: Вт 29 дек 2020 20:33:47 +07: wait new instruction
Time: Вт 29 дек 2020 20:33:58 +07: sleeping
Time: Вт 29 дек 2020 20:34:13 +07: wait new instruction
Time: Вт 29 дек 2020 20:34:13 +07: sleeping
Time: Вт 29 дек 2020 20:34:28 +07: wait new instruction
Time: Вт 29 дек 2020 20:34:29 +07: sleeping
Time: Вт 29 дек 2020 20:34:44 +07: wait new instruction
Time: Вт 29 дек 2020 20:34:45 +07: sleeping
Time: Вт 29 дек 2020 20:35:00 +07: wait new instruction
Time: Вт 29 дек 2020 20:35:01 +07: sleeping
Time: Вт 29 дек 2020 20:35:16 +07: wait new instruction
Time: Вт 29 дек 2020 20:35:17 +07: sleeping
Time: Вт 29 дек 2020 20:35:32 +07: wait new instruction
Time: Вт 29 дек 2020 20:35:33 +07: sleeping
Time: Вт 29 дек 2020 20:35:48 +07: wait new instruction
Time: Вт 29 дек 2020 20:35:48 +07: sleeping
Time: Вт 29 дек 2020 20:36:03 +07: wait new instruction
Time: Вт 29 дек 2020 20:36:04 +07: sleeping
Time: Вт 29 дек 2020 20:36:19 +07: wait new instruction
Time: Вт 29 дек 2020 20:36:20 +07: sleeping
Time: Вт 29 дек 2020 20:36:35 +07: wait new instruction
Time: Вт 29 дек 2020 20:36:36 +07: sleeping
Time: Вт 29 дек 2020 20:36:51 +07: wait new instruction
Time: Вт 29 дек 2020 20:36:52 +07: sleeping
Time: Вт 29 дек 2020 20:37:07 +07: wait new instruction
Time: Вт 29 дек 2020 20:37:08 +07: sleeping
Time: Вт 29 дек 2020 20:37:23 +07: wait new instruction
Time: Вт 29 дек 2020 20:37:23 +07: sleeping
Time: Вт 29 дек 2020 20:37:38 +07: wait new instruction
Time: Вт 29 дек 2020 20:37:39 +07: sleeping
Time: Вт 29 дек 2020 20:37:54 +07: wait new instruction
Time: Вт 29 дек 2020 20:37:55 +07: sleeping
Time: Вт 29 дек 2020 20:38:10 +07: wait new instruction
Time: Вт 29 дек 2020 20:38:11 +07: sleeping
Time: Вт 29 дек 2020 20:38:26 +07: wait new instruction
Time: Вт 29 дек 2020 20:38:27 +07: sleeping
Time: Вт 29 дек 2020 20:38:42 +07: wait new instruction
Time: Вт 29 дек 2020 20:38:42 +07: sleeping
Time: Вт 29 дек 2020 20:38:57 +07: wait new instruction
Time: Вт 29 дек 2020 20:38:58 +07: sleeping
Time: Вт 29 дек 2020 20:39:13 +07: wait new instruction
Time: Вт 29 дек 2020 20:39:14 +07: sleeping
Time: Вт 29 дек 2020 20:39:29 +07: wait new instruction
Time: Вт 29 дек 2020 20:39:30 +07: sleeping
Time: Вт 29 дек 2020 20:39:45 +07: wait new instruction
Time: Вт 29 дек 2020 20:39:46 +07: sleeping
Time: Вт 29 дек 2020 20:40:01 +07: wait new instruction
Time: Вт 29 дек 2020 20:40:02 +07: sleeping
Time: Вт 29 дек 2020 20:40:17 +07: wait new instruction
Time: Вт 29 дек 2020 20:40:17 +07: sleeping
Time: Вт 29 дек 2020 20:40:32 +07: wait new instruction
Time: Вт 29 дек 2020 20:40:33 +07: sleeping
Time: Вт 29 дек 2020 20:40:48 +07: wait new instruction
Time: Вт 29 дек 2020 20:40:49 +07: sleeping
Time: Вт 29 дек 2020 20:41:04 +07: wait new instruction
Time: Вт 29 дек 2020 20:41:05 +07: sleeping
Time: Вт 29 дек 2020 20:41:20 +07: wait new instruction
Time: Вт 29 дек 2020 20:41:21 +07: sleeping
Time: Вт 29 дек 2020 20:41:36 +07: wait new instruction
Time: Вт 29 дек 2020 20:41:37 +07: sleeping
Time: Вт 29 дек 2020 20:41:52 +07: wait new instruction
Time: Вт 29 дек 2020 20:41:52 +07: sleeping
Time: Вт 29 дек 2020 20:42:07 +07: wait new instruction
Time: Вт 29 дек 2020 20:42:08 +07: sleeping
Time: Вт 29 дек 2020 20:42:23 +07: wait new instruction
Time: Вт 29 дек 2020 20:42:24 +07: sleeping
Time: Вт 29 дек 2020 20:42:39 +07: wait new instruction
Time: Вт 29 дек 2020 20:42:40 +07: sleeping
Time: Вт 29 дек 2020 20:42:55 +07: wait new instruction
Time: Вт 29 дек 2020 20:42:56 +07: sleeping
Time: Вт 29 дек 2020 20:43:11 +07: wait new instruction
Time: Вт 29 дек 2020 20:43:12 +07: sleeping
Time: Вт 29 дек 2020 20:43:27 +07: wait new instruction
Time: Вт 29 дек 2020 20:43:27 +07: sleeping
Time: Вт 29 дек 2020 20:43:42 +07: wait new instruction
Time: Вт 29 дек 2020 20:43:43 +07: sleeping
Time: Вт 29 дек 2020 20:43:58 +07: wait new instruction
Time: Вт 29 дек 2020 20:43:59 +07: sleeping
Time: Вт 29 дек 2020 20:44:14 +07: wait new instruction
Time: Вт 29 дек 2020 20:44:15 +07: sleeping
Time: Вт 29 дек 2020 20:44:30 +07: wait new instruction
Time: Вт 29 дек 2020 20:44:31 +07: sleeping
Time: Вт 29 дек 2020 20:44:46 +07: wait new instruction
Time: Вт 29 дек 2020 20:44:47 +07: sleeping
Time: Вт 29 дек 2020 20:45:02 +07: wait new instruction
Time: Вт 29 дек 2020 20:45:02 +07: sleeping
Time: Вт 29 дек 2020 20:45:17 +07: wait new instruction
Time: Вт 29 дек 2020 20:45:18 +07: sleeping
Time: Вт 29 дек 2020 20:45:33 +07: wait new instruction
Time: Вт 29 дек 2020 20:45:34 +07: sleeping
Time: Вт 29 дек 2020 20:45:49 +07: wait new instruction
Time: Вт 29 дек 2020 20:45:50 +07: sleeping
Time: Вт 29 дек 2020 20:46:05 +07: wait new instruction
Time: Вт 29 дек 2020 20:46:06 +07: sleeping
Time: Вт 29 дек 2020 20:46:21 +07: wait new instruction
Time: Вт 29 дек 2020 20:46:22 +07: sleeping
Time: Вт 29 дек 2020 20:46:37 +07: wait new instruction
Time: Вт 29 дек 2020 20:46:38 +07: sleeping
Time: Вт 29 дек 2020 20:46:53 +07: wait new instruction
Time: Вт 29 дек 2020 20:46:54 +07: sleeping
Time: Вт 29 дек 2020 20:47:09 +07: wait new instruction
Time: Вт 29 дек 2020 20:47:09 +07: sleeping
Time: Вт 29 дек 2020 20:47:24 +07: wait new instruction
Time: Вт 29 дек 2020 20:47:25 +07: sleeping
Time: Вт 29 дек 2020 20:47:40 +07: wait new instruction
Time: Вт 29 дек 2020 20:47:41 +07: sleeping
Time: Вт 29 дек 2020 20:47:56 +07: wait new instruction
Time: Вт 29 дек 2020 20:47:57 +07: sleeping
Time: Вт 29 дек 2020 20:48:12 +07: wait new instruction
Time: Вт 29 дек 2020 20:48:13 +07: sleeping
Time: Вт 29 дек 2020 20:48:28 +07: wait new instruction
Time: Вт 29 дек 2020 20:48:28 +07: sleeping
Time: Вт 29 дек 2020 20:48:43 +07: wait new instruction
Time: Вт 29 дек 2020 20:48:44 +07: sleeping
Time: Вт 29 дек 2020 20:48:59 +07: wait new instruction
Time: Вт 29 дек 2020 20:49:00 +07: sleeping
Time: Вт 29 дек 2020 20:49:15 +07: wait new instruction
Time: Вт 29 дек 2020 20:49:16 +07: sleeping
Time: Вт 29 дек 2020 20:49:31 +07: wait new instruction
Time: Вт 29 дек 2020 20:49:32 +07: sleeping
Time: Вт 29 дек 2020 20:49:47 +07: wait new instruction
Time: Вт 29 дек 2020 20:49:48 +07: sleeping
Time: Вт 29 дек 2020 20:50:03 +07: wait new instruction
Time: Вт 29 дек 2020 20:50:03 +07: sleeping
Time: Вт 29 дек 2020 20:50:18 +07: wait new instruction
Time: Вт 29 дек 2020 20:50:19 +07: sleeping
Time: Вт 29 дек 2020 20:50:34 +07: wait new instruction
Time: Вт 29 дек 2020 20:50:35 +07: sleeping
Time: Вт 29 дек 2020 20:50:50 +07: wait new instruction
Time: Вт 29 дек 2020 20:50:51 +07: sleeping
Time: Вт 29 дек 2020 20:51:06 +07: wait new instruction
Time: Вт 29 дек 2020 20:51:07 +07: sleeping
Time: Вт 29 дек 2020 20:51:22 +07: wait new instruction
Time: Вт 29 дек 2020 20:51:23 +07: sleeping
Time: Вт 29 дек 2020 20:51:38 +07: wait new instruction
Time: Вт 29 дек 2020 20:51:38 +07: sleeping
Time: Вт 29 дек 2020 20:51:53 +07: wait new instruction
Time: Вт 29 дек 2020 20:51:54 +07: sleeping
Time: Вт 29 дек 2020 20:52:09 +07: wait new instruction
Time: Вт 29 дек 2020 20:52:10 +07: sleeping
Time: Вт 29 дек 2020 20:52:25 +07: wait new instruction
Time: Вт 29 дек 2020 20:52:26 +07: sleeping
Time: Вт 29 дек 2020 20:52:41 +07: wait new instruction
Time: Вт 29 дек 2020 20:52:42 +07: sleeping
Time: Вт 29 дек 2020 20:52:57 +07: wait new instruction
Time: Вт 29 дек 2020 20:52:57 +07: sleeping
Time: Вт 29 дек 2020 20:53:12 +07: wait new instruction
Time: Вт 29 дек 2020 20:53:13 +07: sleeping
Time: Вт 29 дек 2020 20:53:28 +07: wait new instruction
Time: Вт 29 дек 2020 20:53:29 +07: sleeping
Time: Вт 29 дек 2020 20:53:44 +07: wait new instruction
Time: Вт 29 дек 2020 20:53:45 +07: sleeping
Time: Вт 29 дек 2020 20:54:00 +07: wait new instruction
Time: Вт 29 дек 2020 20:54:01 +07: sleeping
Time: Вт 29 дек 2020 20:54:16 +07: wait new instruction
Time: Вт 29 дек 2020 20:54:17 +07: sleeping
Time: Вт 29 дек 2020 20:54:32 +07: wait new instruction
Time: Вт 29 дек 2020 20:54:32 +07: sleeping
Time: Вт 29 дек 2020 20:54:47 +07: wait new instruction
Time: Вт 29 дек 2020 20:54:48 +07: sleeping
Time: Вт 29 дек 2020 20:55:03 +07: wait new instruction
Time: Вт 29 дек 2020 20:55:04 +07: sleeping
Time: Вт 29 дек 2020 20:55:19 +07: wait new instruction
Time: Вт 29 дек 2020 20:55:20 +07: sleeping
Time: Вт 29 дек 2020 20:55:35 +07: wait new instruction
Time: Вт 29 дек 2020 20:55:36 +07: sleeping
Time: Вт 29 дек 2020 20:55:51 +07: wait new instruction
Time: Вт 29 дек 2020 20:55:51 +07: sleeping
Time: Вт 29 дек 2020 20:56:06 +07: wait new instruction
Time: Вт 29 дек 2020 20:56:07 +07: sleeping
Time: Вт 29 дек 2020 20:56:22 +07: wait new instruction
Time: Вт 29 дек 2020 20:56:23 +07: sleeping
Time: Вт 29 дек 2020 20:56:38 +07: wait new instruction
Time: Вт 29 дек 2020 20:56:39 +07: sleeping
Time: Вт 29 дек 2020 20:56:54 +07: wait new instruction
Time: Вт 29 дек 2020 20:56:55 +07: sleeping
Time: Вт 29 дек 2020 20:57:10 +07: wait new instruction
Time: Вт 29 дек 2020 20:57:11 +07: sleeping
Time: Вт 29 дек 2020 20:57:26 +07: wait new instruction
Time: Вт 29 дек 2020 20:57:26 +07: sleeping
Time: Вт 29 дек 2020 20:57:41 +07: wait new instruction
Time: Вт 29 дек 2020 20:57:42 +07: sleeping
Time: Вт 29 дек 2020 20:57:57 +07: wait new instruction
Time: Вт 29 дек 2020 20:57:58 +07: sleeping
Time: Вт 29 дек 2020 20:58:13 +07: wait new instruction
Time: Вт 29 дек 2020 20:58:14 +07: sleeping
Time: Вт 29 дек 2020 20:58:29 +07: wait new instruction
Time: Вт 29 дек 2020 20:58:30 +07: sleeping
Time: Вт 29 дек 2020 20:58:45 +07: wait new instruction
Time: Вт 29 дек 2020 20:58:46 +07: sleeping
Time: Вт 29 дек 2020 20:59:01 +07: wait new instruction
Time: Вт 29 дек 2020 20:59:01 +07: sleeping
Time: Вт 29 дек 2020 20:59:16 +07: wait new instruction
Time: Вт 29 дек 2020 20:59:17 +07: sleeping
Time: Вт 29 дек 2020 20:59:32 +07: wait new instruction
Time: Вт 29 дек 2020 20:59:33 +07: sleeping
Time: Вт 29 дек 2020 20:59:48 +07: wait new instruction
Time: Вт 29 дек 2020 20:59:49 +07: sleeping
Time: Вт 29 дек 2020 21:00:04 +07: wait new instruction
Time: Вт 29 дек 2020 21:00:05 +07: sleeping
Time: Вт 29 дек 2020 21:00:20 +07: wait new instruction
Time: Вт 29 дек 2020 21:00:21 +07: sleeping
Time: Вт 29 дек 2020 21:00:36 +07: wait new instruction
Time: Вт 29 дек 2020 21:00:36 +07: sleeping
Time: Вт 29 дек 2020 21:00:51 +07: wait new instruction
Time: Вт 29 дек 2020 21:00:52 +07: sleeping
Time: Вт 29 дек 2020 21:01:07 +07: wait new instruction
Time: Вт 29 дек 2020 21:01:08 +07: sleeping
Time: Вт 29 дек 2020 21:01:23 +07: wait new instruction
Time: Вт 29 дек 2020 21:01:24 +07: sleeping
Time: Вт 29 дек 2020 21:01:39 +07: wait new instruction
Time: Вт 29 дек 2020 21:01:40 +07: sleeping
Time: Вт 29 дек 2020 21:01:55 +07: wait new instruction
Time: Вт 29 дек 2020 21:01:56 +07: sleeping
Time: Вт 29 дек 2020 21:02:11 +07: wait new instruction
Time: Вт 29 дек 2020 21:02:11 +07: sleeping
Time: Вт 29 дек 2020 21:02:26 +07: wait new instruction
Time: Вт 29 дек 2020 21:02:27 +07: sleeping
Time: Вт 29 дек 2020 21:02:42 +07: wait new instruction
Time: Вт 29 дек 2020 21:02:43 +07: sleeping
Time: Вт 29 дек 2020 21:02:58 +07: wait new instruction
Time: Вт 29 дек 2020 21:02:59 +07: sleeping
Time: Вт 29 дек 2020 21:03:14 +07: wait new instruction
Time: Вт 29 дек 2020 21:03:15 +07: sleeping
Time: Вт 29 дек 2020 21:03:30 +07: wait new instruction
Time: Вт 29 дек 2020 21:03:30 +07: sleeping
Time: Вт 29 дек 2020 21:03:45 +07: wait new instruction
Time: Вт 29 дек 2020 21:03:46 +07: sleeping
Time: Вт 29 дек 2020 21:04:01 +07: wait new instruction
Time: Вт 29 дек 2020 21:04:02 +07: sleeping
Time: Вт 29 дек 2020 21:04:17 +07: wait new instruction
Time: Вт 29 дек 2020 21:04:18 +07: sleeping
Time: Вт 29 дек 2020 21:04:33 +07: wait new instruction
Time: Вт 29 дек 2020 21:04:34 +07: sleeping
Time: Вт 29 дек 2020 21:04:49 +07: wait new instruction
Time: Вт 29 дек 2020 21:04:50 +07: sleeping
Time: Вт 29 дек 2020 21:05:05 +07: wait new instruction
Time: Вт 29 дек 2020 21:05:05 +07: sleeping
Time: Вт 29 дек 2020 21:05:20 +07: wait new instruction
Time: Вт 29 дек 2020 21:05:21 +07: sleeping
Time: Вт 29 дек 2020 21:05:36 +07: wait new instruction
Time: Вт 29 дек 2020 21:05:37 +07: sleeping
Time: Вт 29 дек 2020 21:05:52 +07: wait new instruction
Time: Вт 29 дек 2020 21:05:53 +07: sleeping
Time: Вт 29 дек 2020 21:06:08 +07: wait new instruction
Time: Вт 29 дек 2020 21:06:09 +07: sleeping
Time: Вт 29 дек 2020 21:06:24 +07: wait new instruction
Time: Вт 29 дек 2020 21:06:24 +07: sleeping
Time: Вт 29 дек 2020 21:06:39 +07: wait new instruction
Time: Вт 29 дек 2020 21:06:40 +07: sleeping
Time: Вт 29 дек 2020 21:06:55 +07: wait new instruction
Time: Вт 29 дек 2020 21:06:56 +07: sleeping
Time: Вт 29 дек 2020 21:07:11 +07: wait new instruction
Time: Вт 29 дек 2020 21:07:12 +07: sleeping
Time: Вт 29 дек 2020 21:07:27 +07: wait new instruction
Time: Вт 29 дек 2020 21:07:28 +07: sleeping
Time: Вт 29 дек 2020 21:07:43 +07: wait new instruction
Time: Вт 29 дек 2020 21:07:44 +07: sleeping
Time: Вт 29 дек 2020 21:07:59 +07: wait new instruction
Time: Вт 29 дек 2020 21:07:59 +07: sleeping
Time: Вт 29 дек 2020 21:08:14 +07: wait new instruction
Time: Вт 29 дек 2020 21:08:15 +07: sleeping
Time: Вт 29 дек 2020 21:08:30 +07: wait new instruction
Time: Вт 29 дек 2020 21:08:31 +07: sleeping
Time: Вт 29 дек 2020 21:08:46 +07: wait new instruction
Time: Вт 29 дек 2020 21:08:47 +07: sleeping
Time: Вт 29 дек 2020 21:09:02 +07: wait new instruction
Time: Вт 29 дек 2020 21:09:03 +07: sleeping
Time: Вт 29 дек 2020 21:09:18 +07: wait new instruction
Time: Вт 29 дек 2020 21:09:19 +07: sleeping
Time: Вт 29 дек 2020 21:09:34 +07: wait new instruction
Time: Вт 29 дек 2020 21:09:34 +07: sleeping
Time: Вт 29 дек 2020 21:09:49 +07: wait new instruction
Time: Вт 29 дек 2020 21:09:50 +07: sleeping
Time: Вт 29 дек 2020 21:10:05 +07: wait new instruction
Time: Вт 29 дек 2020 21:10:06 +07: sleeping
Time: Вт 29 дек 2020 21:10:21 +07: wait new instruction
Time: Вт 29 дек 2020 21:10:22 +07: sleeping
Time: Вт 29 дек 2020 21:10:37 +07: wait new instruction
Time: Вт 29 дек 2020 21:10:38 +07: sleeping
Time: Вт 29 дек 2020 21:10:53 +07: wait new instruction
Time: Вт 29 дек 2020 21:10:54 +07: sleeping
Time: Вт 29 дек 2020 21:11:09 +07: wait new instruction
Time: Вт 29 дек 2020 21:11:09 +07: sleeping
Time: Вт 29 дек 2020 21:11:24 +07: wait new instruction
Time: Вт 29 дек 2020 21:11:25 +07: sleeping
Time: Вт 29 дек 2020 21:11:40 +07: wait new instruction
Time: Вт 29 дек 2020 21:11:41 +07: sleeping
Time: Вт 29 дек 2020 21:11:56 +07: wait new instruction
Time: Вт 29 дек 2020 21:11:57 +07: sleeping
Time: Вт 29 дек 2020 21:12:12 +07: wait new instruction
Time: Вт 29 дек 2020 21:12:13 +07: sleeping
Time: Вт 29 дек 2020 21:12:28 +07: wait new instruction
Time: Вт 29 дек 2020 21:12:28 +07: sleeping
Time: Вт 29 дек 2020 21:12:43 +07: wait new instruction
Time: Вт 29 дек 2020 21:12:44 +07: sleeping
Time: Вт 29 дек 2020 21:12:59 +07: wait new instruction
Time: Вт 29 дек 2020 21:13:00 +07: sleeping
Time: Вт 29 дек 2020 21:13:15 +07: wait new instruction
Time: Вт 29 дек 2020 21:13:16 +07: sleeping
Time: Вт 29 дек 2020 21:13:31 +07: wait new instruction
Time: Вт 29 дек 2020 21:13:32 +07: sleeping
Time: Вт 29 дек 2020 21:13:47 +07: wait new instruction
Time: Вт 29 дек 2020 21:13:48 +07: sleeping
Time: Вт 29 дек 2020 21:14:03 +07: wait new instruction
Time: Вт 29 дек 2020 21:14:03 +07: sleeping
Time: Вт 29 дек 2020 21:14:18 +07: wait new instruction
Time: Вт 29 дек 2020 21:14:19 +07: sleeping
Time: Вт 29 дек 2020 21:14:34 +07: wait new instruction
Time: Вт 29 дек 2020 21:14:35 +07: sleeping
Time: Вт 29 дек 2020 21:14:50 +07: wait new instruction
Time: Вт 29 дек 2020 21:14:51 +07: sleeping
Time: Вт 29 дек 2020 21:15:06 +07: wait new instruction
Time: Вт 29 дек 2020 21:15:07 +07: sleeping
Time: Вт 29 дек 2020 21:15:22 +07: wait new instruction
Time: Вт 29 дек 2020 21:15:23 +07: sleeping
Time: Вт 29 дек 2020 21:15:38 +07: wait new instruction
Time: Вт 29 дек 2020 21:15:38 +07: sleeping
Time: Вт 29 дек 2020 21:15:53 +07: wait new instruction
Time: Вт 29 дек 2020 21:15:54 +07: sleeping
Time: Вт 29 дек 2020 21:16:09 +07: wait new instruction
Time: Вт 29 дек 2020 21:16:10 +07: sleeping
Time: Вт 29 дек 2020 21:16:25 +07: wait new instruction
Time: Вт 29 дек 2020 21:16:26 +07: sleeping
Time: Вт 29 дек 2020 21:16:41 +07: wait new instruction
Time: Вт 29 дек 2020 21:16:42 +07: sleeping
Time: Вт 29 дек 2020 21:16:57 +07: wait new instruction
Time: Вт 29 дек 2020 21:16:58 +07: sleeping
Time: Вт 29 дек 2020 21:17:13 +07: wait new instruction
Time: Вт 29 дек 2020 21:17:13 +07: sleeping
Time: Вт 29 дек 2020 21:17:28 +07: wait new instruction
Time: Вт 29 дек 2020 21:17:29 +07: sleeping
Time: Вт 29 дек 2020 21:17:44 +07: wait new instruction
Time: Вт 29 дек 2020 21:17:45 +07: sleeping
Time: Вт 29 дек 2020 21:18:00 +07: wait new instruction
Time: Вт 29 дек 2020 21:18:01 +07: sleeping
Time: Вт 29 дек 2020 21:18:16 +07: wait new instruction
Time: Вт 29 дек 2020 21:18:17 +07: sleeping
Time: Вт 29 дек 2020 21:18:32 +07: wait new instruction
Time: Вт 29 дек 2020 21:18:33 +07: sleeping
Time: Вт 29 дек 2020 21:18:48 +07: wait new instruction
Time: Вт 29 дек 2020 21:18:48 +07: sleeping
Time: Вт 29 дек 2020 21:19:03 +07: wait new instruction
Time: Вт 29 дек 2020 21:19:04 +07: sleeping
Time: Вт 29 дек 2020 21:19:19 +07: wait new instruction
Time: Вт 29 дек 2020 21:19:20 +07: sleeping
Time: Вт 29 дек 2020 21:19:35 +07: wait new instruction
Time: Вт 29 дек 2020 21:19:36 +07: sleeping
Time: Вт 29 дек 2020 21:19:51 +07: wait new instruction
Time: Вт 29 дек 2020 21:19:52 +07: sleeping
Time: Вт 29 дек 2020 21:20:07 +07: wait new instruction
Time: Вт 29 дек 2020 21:20:08 +07: sleeping
Time: Вт 29 дек 2020 21:20:23 +07: wait new instruction
Time: Вт 29 дек 2020 21:20:23 +07: sleeping
Time: Вт 29 дек 2020 21:20:38 +07: wait new instruction
Time: Вт 29 дек 2020 21:20:39 +07: sleeping
Time: Вт 29 дек 2020 21:20:54 +07: wait new instruction
Time: Вт 29 дек 2020 21:20:55 +07: sleeping
Time: Вт 29 дек 2020 21:21:10 +07: wait new instruction
Time: Вт 29 дек 2020 21:21:11 +07: sleeping
Time: Вт 29 дек 2020 21:21:26 +07: wait new instruction
Time: Вт 29 дек 2020 21:21:27 +07: sleeping
Time: Вт 29 дек 2020 21:21:42 +07: wait new instruction
Time: Вт 29 дек 2020 21:21:43 +07: sleeping
Time: Вт 29 дек 2020 21:21:58 +07: wait new instruction
Time: Вт 29 дек 2020 21:21:58 +07: sleeping
Time: Вт 29 дек 2020 21:22:13 +07: wait new instruction
Time: Вт 29 дек 2020 21:22:14 +07: sleeping
Time: Вт 29 дек 2020 21:22:29 +07: wait new instruction
Time: Вт 29 дек 2020 21:22:30 +07: sleeping
Time: Вт 29 дек 2020 21:22:45 +07: wait new instruction
Time: Вт 29 дек 2020 21:22:46 +07: sleeping
Time: Вт 29 дек 2020 21:23:01 +07: wait new instruction
Time: Вт 29 дек 2020 21:23:02 +07: sleeping
Time: Вт 29 дек 2020 21:23:17 +07: wait new instruction
Time: Вт 29 дек 2020 21:23:18 +07: sleeping
Time: Вт 29 дек 2020 21:23:33 +07: wait new instruction
Time: Вт 29 дек 2020 21:23:33 +07: sleeping
Time: Вт 29 дек 2020 21:23:48 +07: wait new instruction
Time: Вт 29 дек 2020 21:23:49 +07: sleeping
Time: Вт 29 дек 2020 21:24:04 +07: wait new instruction
Time: Вт 29 дек 2020 21:24:05 +07: sleeping
Time: Вт 29 дек 2020 21:24:20 +07: wait new instruction
Time: Вт 29 дек 2020 21:24:21 +07: sleeping
Time: Вт 29 дек 2020 21:24:36 +07: wait new instruction
Time: Вт 29 дек 2020 21:24:37 +07: sleeping
Time: Вт 29 дек 2020 21:24:52 +07: wait new instruction
Time: Вт 29 дек 2020 21:24:52 +07: sleeping
Time: Вт 29 дек 2020 21:25:07 +07: wait new instruction
Time: Вт 29 дек 2020 21:25:08 +07: sleeping
Time: Вт 29 дек 2020 21:25:23 +07: wait new instruction
Time: Вт 29 дек 2020 21:25:24 +07: sleeping
Time: Вт 29 дек 2020 21:25:39 +07: wait new instruction
Time: Вт 29 дек 2020 21:25:40 +07: sleeping
Time: Вт 29 дек 2020 21:25:55 +07: wait new instruction
Time: Вт 29 дек 2020 21:25:56 +07: sleeping
Time: Вт 29 дек 2020 21:26:11 +07: wait new instruction
Time: Вт 29 дек 2020 21:26:12 +07: sleeping
Time: Вт 29 дек 2020 21:26:27 +07: wait new instruction
Time: Вт 29 дек 2020 21:26:27 +07: sleeping
Time: Вт 29 дек 2020 21:26:42 +07: wait new instruction
Time: Вт 29 дек 2020 21:26:43 +07: sleeping
Time: Вт 29 дек 2020 21:26:58 +07: wait new instruction
Time: Вт 29 дек 2020 21:26:59 +07: sleeping
Time: Вт 29 дек 2020 21:27:14 +07: wait new instruction
Time: Вт 29 дек 2020 21:27:15 +07: sleeping
Time: Вт 29 дек 2020 21:27:30 +07: wait new instruction
Time: Вт 29 дек 2020 21:27:31 +07: sleeping
Time: Вт 29 дек 2020 21:27:46 +07: wait new instruction
Time: Вт 29 дек 2020 21:27:47 +07: sleeping
Time: Вт 29 дек 2020 21:28:02 +07: wait new instruction
Time: Вт 29 дек 2020 21:28:02 +07: sleeping
Time: Вт 29 дек 2020 21:28:17 +07: wait new instruction
Time: Вт 29 дек 2020 21:28:18 +07: sleeping
Time: Вт 29 дек 2020 21:28:33 +07: wait new instruction
Time: Вт 29 дек 2020 21:28:34 +07: sleeping
Time: Вт 29 дек 2020 21:28:49 +07: wait new instruction
Time: Вт 29 дек 2020 21:28:50 +07: sleeping
Time: Вт 29 дек 2020 21:29:05 +07: wait new instruction
Time: Вт 29 дек 2020 21:29:06 +07: sleeping
Time: Вт 29 дек 2020 21:29:21 +07: wait new instruction
Time: Вт 29 дек 2020 21:29:21 +07: sleeping
Time: Вт 29 дек 2020 21:29:36 +07: wait new instruction
Time: Вт 29 дек 2020 21:29:37 +07: sleeping
Time: Вт 29 дек 2020 21:29:52 +07: wait new instruction
Time: Вт 29 дек 2020 21:29:53 +07: sleeping
Time: Вт 29 дек 2020 21:30:08 +07: wait new instruction
Time: Вт 29 дек 2020 21:30:09 +07: sleeping
Time: Вт 29 дек 2020 21:30:24 +07: wait new instruction
Time: Вт 29 дек 2020 21:30:25 +07: sleeping
Time: Вт 29 дек 2020 21:30:40 +07: wait new instruction
Time: Вт 29 дек 2020 21:30:41 +07: sleeping
Time: Вт 29 дек 2020 21:30:56 +07: wait new instruction
Time: Вт 29 дек 2020 21:30:56 +07: sleeping
Time: Вт 29 дек 2020 21:31:11 +07: wait new instruction
Time: Вт 29 дек 2020 21:31:12 +07: sleeping
Time: Вт 29 дек 2020 21:31:27 +07: wait new instruction
Time: Вт 29 дек 2020 21:31:28 +07: sleeping
Time: Вт 29 дек 2020 21:31:43 +07: wait new instruction
Time: Вт 29 дек 2020 21:31:44 +07: sleeping
Time: Вт 29 дек 2020 21:31:59 +07: wait new instruction
Time: Вт 29 дек 2020 21:32:00 +07: sleeping
Time: Вт 29 дек 2020 21:32:15 +07: wait new instruction
Time: Вт 29 дек 2020 21:32:16 +07: sleeping
Time: Вт 29 дек 2020 21:32:31 +07: wait new instruction
Time: Вт 29 дек 2020 21:32:31 +07: sleeping
Time: Вт 29 дек 2020 21:32:46 +07: wait new instruction
Time: Вт 29 дек 2020 21:32:47 +07: sleeping
Time: Вт 29 дек 2020 21:33:02 +07: wait new instruction
Time: Вт 29 дек 2020 21:33:03 +07: sleeping
Time: Вт 29 дек 2020 21:33:18 +07: wait new instruction
Time: Вт 29 дек 2020 21:33:19 +07: sleeping
Time: Вт 29 дек 2020 21:33:34 +07: wait new instruction
Time: Вт 29 дек 2020 21:33:35 +07: sleeping
Time: Вт 29 дек 2020 21:33:50 +07: wait new instruction
Time: Вт 29 дек 2020 21:33:51 +07: sleeping
Time: Вт 29 дек 2020 21:34:06 +07: wait new instruction
Time: Вт 29 дек 2020 21:34:06 +07: sleeping
Time: Вт 29 дек 2020 21:34:21 +07: wait new instruction
Time: Вт 29 дек 2020 21:34:22 +07: sleeping
Time: Вт 29 дек 2020 21:34:37 +07: wait new instruction
Time: Вт 29 дек 2020 21:34:38 +07: sleeping
Time: Вт 29 дек 2020 21:34:53 +07: wait new instruction
Time: Вт 29 дек 2020 21:34:54 +07: sleeping
Time: Вт 29 дек 2020 21:35:09 +07: wait new instruction
Time: Вт 29 дек 2020 21:35:10 +07: sleeping
Time: Вт 29 дек 2020 21:35:25 +07: wait new instruction
Time: Вт 29 дек 2020 21:35:26 +07: sleeping
Time: Вт 29 дек 2020 21:35:41 +07: wait new instruction
Time: Вт 29 дек 2020 21:35:41 +07: sleeping
Time: Вт 29 дек 2020 21:35:56 +07: wait new instruction
Time: Вт 29 дек 2020 21:35:57 +07: sleeping
Time: Вт 29 дек 2020 21:36:12 +07: wait new instruction
Time: Вт 29 дек 2020 21:36:13 +07: sleeping
Time: Вт 29 дек 2020 21:36:28 +07: wait new instruction
Time: Вт 29 дек 2020 21:36:29 +07: sleeping
Time: Вт 29 дек 2020 21:36:44 +07: wait new instruction
Time: Вт 29 дек 2020 21:36:45 +07: sleeping
Time: Вт 29 дек 2020 21:37:00 +07: wait new instruction
Time: Вт 29 дек 2020 21:37:01 +07: sleeping
Time: Вт 29 дек 2020 21:37:16 +07: wait new instruction
Time: Вт 29 дек 2020 21:37:16 +07: sleeping
Time: Вт 29 дек 2020 21:37:31 +07: wait new instruction
Time: Вт 29 дек 2020 21:37:32 +07: sleeping
Time: Вт 29 дек 2020 21:37:47 +07: wait new instruction
Time: Вт 29 дек 2020 21:37:48 +07: sleeping
Time: Вт 29 дек 2020 21:38:03 +07: wait new instruction
Time: Вт 29 дек 2020 21:38:04 +07: sleeping
Time: Вт 29 дек 2020 21:38:19 +07: wait new instruction
Time: Вт 29 дек 2020 21:38:20 +07: sleeping
Time: Вт 29 дек 2020 21:38:35 +07: wait new instruction
Time: Вт 29 дек 2020 21:38:35 +07: sleeping
Time: Вт 29 дек 2020 21:38:50 +07: wait new instruction
Time: Вт 29 дек 2020 21:38:51 +07: sleeping
Time: Вт 29 дек 2020 21:39:06 +07: wait new instruction
Time: Вт 29 дек 2020 21:39:07 +07: sleeping
Time: Вт 29 дек 2020 21:39:22 +07: wait new instruction
Time: Вт 29 дек 2020 21:39:24 +07: sleeping
Time: Вт 29 дек 2020 21:39:39 +07: wait new instruction
Time: Вт 29 дек 2020 21:39:40 +07: sleeping
Time: Вт 29 дек 2020 21:39:55 +07: wait new instruction
Time: Вт 29 дек 2020 21:39:56 +07: sleeping
Time: Вт 29 дек 2020 21:40:11 +07: wait new instruction
Time: Вт 29 дек 2020 21:40:11 +07: sleeping
Time: Вт 29 дек 2020 21:40:26 +07: wait new instruction
Time: Вт 29 дек 2020 21:40:27 +07: sleeping
Time: Вт 29 дек 2020 21:40:42 +07: wait new instruction
Time: Вт 29 дек 2020 21:40:43 +07: sleeping
Time: Вт 29 дек 2020 21:40:58 +07: wait new instruction
Time: Вт 29 дек 2020 21:40:59 +07: sleeping
Time: Вт 29 дек 2020 21:41:14 +07: wait new instruction
Time: Вт 29 дек 2020 21:41:15 +07: sleeping
Time: Вт 29 дек 2020 21:41:30 +07: wait new instruction
Time: Вт 29 дек 2020 21:41:31 +07: sleeping
Time: Вт 29 дек 2020 21:41:46 +07: wait new instruction
Time: Вт 29 дек 2020 21:41:46 +07: sleeping
Time: Вт 29 дек 2020 21:42:01 +07: wait new instruction
Time: Вт 29 дек 2020 21:42:02 +07: sleeping
Time: Вт 29 дек 2020 21:42:17 +07: wait new instruction
Time: Вт 29 дек 2020 21:42:18 +07: sleeping
Time: Вт 29 дек 2020 21:42:33 +07: wait new instruction
Time: Вт 29 дек 2020 21:42:34 +07: sleeping
Time: Вт 29 дек 2020 21:42:49 +07: wait new instruction
Time: Вт 29 дек 2020 21:42:50 +07: sleeping
Time: Вт 29 дек 2020 21:43:05 +07: wait new instruction
Time: Вт 29 дек 2020 21:43:06 +07: sleeping
Time: Вт 29 дек 2020 21:43:21 +07: wait new instruction
Time: Вт 29 дек 2020 21:43:22 +07: sleeping
Time: Вт 29 дек 2020 21:43:37 +07: wait new instruction
Time: Вт 29 дек 2020 21:43:37 +07: sleeping
Time: Вт 29 дек 2020 21:43:52 +07: wait new instruction
Time: Вт 29 дек 2020 21:43:53 +07: sleeping
Time: Вт 29 дек 2020 21:44:08 +07: wait new instruction
Time: Вт 29 дек 2020 21:44:09 +07: sleeping
Time: Вт 29 дек 2020 21:44:24 +07: wait new instruction
Time: Вт 29 дек 2020 21:44:25 +07: sleeping
Time: Вт 29 дек 2020 21:44:40 +07: wait new instruction
Time: Вт 29 дек 2020 21:44:41 +07: sleeping
Time: Вт 29 дек 2020 21:44:56 +07: wait new instruction
Time: Вт 29 дек 2020 21:44:56 +07: sleeping
Time: Вт 29 дек 2020 21:45:11 +07: wait new instruction
Time: Вт 29 дек 2020 21:45:12 +07: sleeping
Time: Вт 29 дек 2020 21:45:27 +07: wait new instruction
Time: Вт 29 дек 2020 21:45:28 +07: sleeping
Time: Вт 29 дек 2020 21:45:43 +07: wait new instruction
Time: Вт 29 дек 2020 21:45:44 +07: sleeping
Time: Вт 29 дек 2020 21:45:59 +07: wait new instruction
Time: Вт 29 дек 2020 21:46:00 +07: sleeping
Time: Вт 29 дек 2020 21:46:15 +07: wait new instruction
Time: Вт 29 дек 2020 21:46:16 +07: sleeping
Time: Вт 29 дек 2020 21:46:31 +07: wait new instruction
Time: Вт 29 дек 2020 21:46:31 +07: sleeping
Time: Вт 29 дек 2020 21:46:46 +07: wait new instruction
Time: Вт 29 дек 2020 21:46:47 +07: sleeping
Time: Вт 29 дек 2020 21:47:02 +07: wait new instruction
Time: Вт 29 дек 2020 21:47:03 +07: sleeping
Time: Вт 29 дек 2020 21:47:18 +07: wait new instruction
Time: Вт 29 дек 2020 21:47:19 +07: sleeping
Time: Вт 29 дек 2020 21:47:34 +07: wait new instruction
Time: Вт 29 дек 2020 21:47:35 +07: sleeping
Time: Вт 29 дек 2020 21:47:50 +07: wait new instruction
Time: Вт 29 дек 2020 21:47:51 +07: sleeping
Time: Вт 29 дек 2020 21:48:06 +07: wait new instruction
Time: Вт 29 дек 2020 21:48:06 +07: sleeping
Time: Вт 29 дек 2020 21:48:21 +07: wait new instruction
Time: Вт 29 дек 2020 21:48:22 +07: sleeping
Time: Вт 29 дек 2020 21:48:37 +07: wait new instruction
Time: Вт 29 дек 2020 21:48:38 +07: sleeping
Time: Вт 29 дек 2020 21:48:53 +07: wait new instruction
Time: Вт 29 дек 2020 21:48:54 +07: sleeping
Time: Вт 29 дек 2020 21:49:09 +07: wait new instruction
Time: Вт 29 дек 2020 21:49:10 +07: sleeping
Time: Вт 29 дек 2020 21:49:25 +07: wait new instruction
Time: Вт 29 дек 2020 21:49:26 +07: sleeping
Time: Вт 29 дек 2020 21:49:41 +07: wait new instruction
Time: Вт 29 дек 2020 21:49:42 +07: sleeping
Time: Вт 29 дек 2020 21:49:57 +07: wait new instruction
Time: Вт 29 дек 2020 21:49:57 +07: sleeping
Time: Вт 29 дек 2020 21:50:12 +07: wait new instruction
Time: Вт 29 дек 2020 21:50:13 +07: sleeping
Time: Вт 29 дек 2020 21:50:28 +07: wait new instruction
Time: Вт 29 дек 2020 21:50:29 +07: sleeping
Time: Вт 29 дек 2020 21:50:44 +07: wait new instruction
Time: Вт 29 дек 2020 21:50:45 +07: sleeping
Time: Вт 29 дек 2020 21:51:00 +07: wait new instruction
Time: Вт 29 дек 2020 21:51:01 +07: sleeping
Time: Вт 29 дек 2020 21:51:16 +07: wait new instruction
Time: Вт 29 дек 2020 21:51:17 +07: sleeping
Time: Вт 29 дек 2020 21:51:32 +07: wait new instruction
Time: Вт 29 дек 2020 21:51:32 +07: sleeping
Time: Вт 29 дек 2020 21:51:47 +07: wait new instruction
Time: Вт 29 дек 2020 21:51:48 +07: sleeping
Time: Вт 29 дек 2020 21:52:03 +07: wait new instruction
Time: Вт 29 дек 2020 21:52:04 +07: sleeping
Time: Вт 29 дек 2020 21:52:19 +07: wait new instruction
Time: Вт 29 дек 2020 21:52:20 +07: sleeping
Time: Вт 29 дек 2020 21:52:35 +07: wait new instruction
Time: Вт 29 дек 2020 21:52:36 +07: sleeping
Time: Вт 29 дек 2020 21:52:51 +07: wait new instruction
Time: Вт 29 дек 2020 21:52:52 +07: sleeping
Time: Вт 29 дек 2020 21:53:07 +07: wait new instruction
Time: Вт 29 дек 2020 21:53:07 +07: sleeping
Time: Вт 29 дек 2020 21:53:22 +07: wait new instruction
Time: Вт 29 дек 2020 21:53:23 +07: sleeping
Time: Вт 29 дек 2020 21:53:38 +07: wait new instruction
Time: Вт 29 дек 2020 21:53:39 +07: sleeping
Time: Вт 29 дек 2020 21:53:54 +07: wait new instruction
Time: Вт 29 дек 2020 21:53:55 +07: sleeping
Time: Вт 29 дек 2020 21:54:10 +07: wait new instruction
Time: Вт 29 дек 2020 21:54:11 +07: sleeping
Time: Вт 29 дек 2020 21:54:26 +07: wait new instruction
Time: Вт 29 дек 2020 21:54:27 +07: sleeping
Time: Вт 29 дек 2020 21:54:42 +07: wait new instruction
Time: Вт 29 дек 2020 21:54:42 +07: sleeping
Time: Вт 29 дек 2020 21:54:57 +07: wait new instruction
Time: Вт 29 дек 2020 21:54:58 +07: sleeping
Time: Вт 29 дек 2020 21:55:13 +07: wait new instruction
Time: Вт 29 дек 2020 21:55:14 +07: sleeping
Time: Вт 29 дек 2020 21:55:29 +07: wait new instruction
Time: Вт 29 дек 2020 21:55:30 +07: sleeping
Time: Вт 29 дек 2020 21:55:45 +07: wait new instruction
Time: Вт 29 дек 2020 21:55:46 +07: sleeping
Time: Вт 29 дек 2020 21:56:01 +07: wait new instruction
Time: Вт 29 дек 2020 21:56:02 +07: sleeping
Time: Вт 29 дек 2020 21:56:17 +07: wait new instruction
Time: Вт 29 дек 2020 21:56:17 +07: sleeping
Time: Вт 29 дек 2020 21:56:32 +07: wait new instruction
Time: Вт 29 дек 2020 21:56:33 +07: sleeping
Time: Вт 29 дек 2020 21:56:48 +07: wait new instruction
Time: Вт 29 дек 2020 21:56:49 +07: sleeping
Time: Вт 29 дек 2020 21:57:04 +07: wait new instruction
Time: Вт 29 дек 2020 21:57:05 +07: sleeping
Time: Вт 29 дек 2020 21:57:20 +07: wait new instruction
Time: Вт 29 дек 2020 21:57:21 +07: sleeping
Time: Вт 29 дек 2020 21:57:36 +07: wait new instruction
Time: Вт 29 дек 2020 21:57:37 +07: sleeping
Time: Вт 29 дек 2020 21:57:52 +07: wait new instruction
Time: Вт 29 дек 2020 21:57:52 +07: sleeping
Time: Вт 29 дек 2020 21:58:07 +07: wait new instruction
Time: Вт 29 дек 2020 21:58:08 +07: sleeping
Time: Вт 29 дек 2020 21:58:23 +07: wait new instruction
Time: Вт 29 дек 2020 21:58:24 +07: sleeping
Time: Вт 29 дек 2020 21:58:39 +07: wait new instruction
Time: Вт 29 дек 2020 21:58:40 +07: sleeping
Time: Вт 29 дек 2020 21:58:55 +07: wait new instruction
Time: Вт 29 дек 2020 21:58:56 +07: sleeping
Time: Вт 29 дек 2020 21:59:11 +07: wait new instruction
Time: Вт 29 дек 2020 21:59:11 +07: sleeping
Time: Вт 29 дек 2020 21:59:26 +07: wait new instruction
Time: Вт 29 дек 2020 21:59:27 +07: sleeping
Time: Вт 29 дек 2020 21:59:42 +07: wait new instruction
Time: Вт 29 дек 2020 21:59:43 +07: sleeping
Time: Вт 29 дек 2020 21:59:58 +07: wait new instruction
Time: Вт 29 дек 2020 21:59:59 +07: sleeping
Time: Вт 29 дек 2020 22:00:14 +07: wait new instruction
Time: Вт 29 дек 2020 22:00:15 +07: sleeping
Time: Вт 29 дек 2020 22:00:30 +07: wait new instruction
Time: Вт 29 дек 2020 22:00:31 +07: sleeping
Time: Вт 29 дек 2020 22:00:46 +07: wait new instruction
Time: Вт 29 дек 2020 22:00:46 +07: sleeping
Time: Вт 29 дек 2020 22:01:01 +07: wait new instruction
Time: Вт 29 дек 2020 22:01:02 +07: sleeping
Time: Вт 29 дек 2020 22:01:17 +07: wait new instruction
Time: Вт 29 дек 2020 22:01:18 +07: sleeping
Time: Вт 29 дек 2020 22:01:33 +07: wait new instruction
Time: Вт 29 дек 2020 22:01:34 +07: sleeping
Time: Вт 29 дек 2020 22:01:49 +07: wait new instruction
Time: Вт 29 дек 2020 22:01:50 +07: sleeping
Time: Вт 29 дек 2020 22:02:05 +07: wait new instruction
Time: Вт 29 дек 2020 22:02:06 +07: sleeping
Time: Вт 29 дек 2020 22:02:21 +07: wait new instruction
Time: Вт 29 дек 2020 22:02:21 +07: sleeping
Time: Вт 29 дек 2020 22:02:36 +07: wait new instruction
Time: Вт 29 дек 2020 22:02:37 +07: sleeping
Time: Вт 29 дек 2020 22:02:52 +07: wait new instruction
Time: Вт 29 дек 2020 22:02:53 +07: sleeping
Time: Вт 29 дек 2020 22:03:08 +07: wait new instruction
Time: Вт 29 дек 2020 22:03:09 +07: sleeping
Time: Вт 29 дек 2020 22:03:24 +07: wait new instruction
Time: Вт 29 дек 2020 22:03:25 +07: sleeping
Time: Вт 29 дек 2020 22:03:40 +07: wait new instruction
Time: Вт 29 дек 2020 22:03:40 +07: sleeping
Time: Вт 29 дек 2020 22:03:55 +07: wait new instruction
Time: Вт 29 дек 2020 22:03:56 +07: sleeping
Time: Вт 29 дек 2020 22:04:11 +07: wait new instruction
Time: Вт 29 дек 2020 22:04:12 +07: sleeping
Time: Вт 29 дек 2020 22:04:27 +07: wait new instruction
Time: Вт 29 дек 2020 22:04:28 +07: sleeping
Time: Вт 29 дек 2020 22:04:43 +07: wait new instruction
Time: Вт 29 дек 2020 22:04:44 +07: sleeping
Time: Вт 29 дек 2020 22:04:59 +07: wait new instruction
Time: Вт 29 дек 2020 22:05:00 +07: sleeping
Time: Вт 29 дек 2020 22:05:15 +07: wait new instruction
Time: Вт 29 дек 2020 22:05:16 +07: sleeping
Time: Вт 29 дек 2020 22:05:31 +07: wait new instruction
Time: Вт 29 дек 2020 22:05:31 +07: sleeping
Time: Вт 29 дек 2020 22:05:46 +07: wait new instruction
Time: Вт 29 дек 2020 22:05:47 +07: sleeping
Time: Вт 29 дек 2020 22:06:02 +07: wait new instruction
Time: Вт 29 дек 2020 22:06:03 +07: sleeping
Time: Вт 29 дек 2020 22:06:18 +07: wait new instruction
Time: Вт 29 дек 2020 22:06:19 +07: sleeping
Time: Вт 29 дек 2020 22:06:34 +07: wait new instruction
Time: Вт 29 дек 2020 22:06:35 +07: sleeping
Time: Вт 29 дек 2020 22:06:50 +07: wait new instruction
Time: Вт 29 дек 2020 22:06:50 +07: sleeping
Time: Вт 29 дек 2020 22:07:05 +07: wait new instruction
Time: Вт 29 дек 2020 22:07:06 +07: sleeping
Time: Вт 29 дек 2020 22:07:21 +07: wait new instruction
Time: Вт 29 дек 2020 22:07:22 +07: sleeping
Time: Вт 29 дек 2020 22:07:37 +07: wait new instruction
Time: Вт 29 дек 2020 22:07:38 +07: sleeping
Time: Вт 29 дек 2020 22:07:53 +07: wait new instruction
Time: Вт 29 дек 2020 22:07:54 +07: sleeping
Time: Вт 29 дек 2020 22:08:09 +07: wait new instruction
Time: Вт 29 дек 2020 22:08:09 +07: sleeping
Time: Вт 29 дек 2020 22:08:24 +07: wait new instruction
Time: Вт 29 дек 2020 22:08:25 +07: sleeping
Time: Вт 29 дек 2020 22:08:40 +07: wait new instruction
Time: Вт 29 дек 2020 22:08:41 +07: sleeping
Time: Вт 29 дек 2020 22:08:56 +07: wait new instruction
Time: Вт 29 дек 2020 22:08:57 +07: sleeping
Time: Вт 29 дек 2020 22:09:12 +07: wait new instruction
Time: Вт 29 дек 2020 22:09:13 +07: sleeping
Time: Вт 29 дек 2020 22:09:28 +07: wait new instruction
Time: Вт 29 дек 2020 22:09:29 +07: sleeping
Time: Вт 29 дек 2020 22:09:44 +07: wait new instruction
Time: Вт 29 дек 2020 22:09:45 +07: sleeping
Time: Вт 29 дек 2020 22:10:00 +07: wait new instruction
Time: Вт 29 дек 2020 22:10:01 +07: sleeping
Time: Вт 29 дек 2020 22:10:16 +07: wait new instruction
Time: Вт 29 дек 2020 22:10:17 +07: sleeping
Time: Вт 29 дек 2020 22:10:32 +07: wait new instruction
Time: Вт 29 дек 2020 22:10:33 +07: sleeping
Time: Вт 29 дек 2020 22:10:48 +07: wait new instruction
Time: Вт 29 дек 2020 22:10:48 +07: sleeping
Time: Вт 29 дек 2020 22:11:03 +07: wait new instruction
Time: Вт 29 дек 2020 22:11:04 +07: sleeping
Time: Вт 29 дек 2020 22:11:19 +07: wait new instruction
Time: Вт 29 дек 2020 22:11:20 +07: sleeping
Time: Вт 29 дек 2020 22:11:35 +07: wait new instruction
Time: Вт 29 дек 2020 22:11:36 +07: sleeping
Time: Вт 29 дек 2020 22:11:51 +07: wait new instruction
Time: Вт 29 дек 2020 22:11:52 +07: sleeping
Time: Вт 29 дек 2020 22:12:07 +07: wait new instruction
Time: Вт 29 дек 2020 22:12:08 +07: sleeping
Time: Вт 29 дек 2020 22:12:23 +07: wait new instruction
Time: Вт 29 дек 2020 22:12:23 +07: sleeping
Time: Вт 29 дек 2020 22:12:38 +07: wait new instruction
Time: Вт 29 дек 2020 22:12:39 +07: sleeping
Time: Вт 29 дек 2020 22:12:54 +07: wait new instruction
Time: Вт 29 дек 2020 22:12:55 +07: sleeping
Time: Вт 29 дек 2020 22:13:10 +07: wait new instruction
Time: Вт 29 дек 2020 22:13:11 +07: sleeping
Time: Вт 29 дек 2020 22:13:26 +07: wait new instruction
Time: Вт 29 дек 2020 22:13:27 +07: sleeping
Time: Вт 29 дек 2020 22:13:42 +07: wait new instruction
Time: Вт 29 дек 2020 22:13:43 +07: sleeping
Time: Вт 29 дек 2020 22:13:58 +07: wait new instruction
Time: Вт 29 дек 2020 22:13:58 +07: sleeping
Time: Вт 29 дек 2020 22:14:13 +07: wait new instruction
Time: Вт 29 дек 2020 22:14:14 +07: sleeping
Time: Вт 29 дек 2020 22:14:29 +07: wait new instruction
Time: Вт 29 дек 2020 22:14:30 +07: sleeping
Time: Вт 29 дек 2020 22:14:45 +07: wait new instruction
Time: Вт 29 дек 2020 22:14:46 +07: sleeping
Time: Вт 29 дек 2020 22:15:01 +07: wait new instruction
Time: Вт 29 дек 2020 22:15:02 +07: sleeping
Time: Вт 29 дек 2020 22:15:17 +07: wait new instruction
Time: Вт 29 дек 2020 22:15:18 +07: sleeping
Time: Вт 29 дек 2020 22:15:33 +07: wait new instruction
Time: Вт 29 дек 2020 22:15:34 +07: sleeping
Time: Вт 29 дек 2020 22:15:49 +07: wait new instruction
Time: Вт 29 дек 2020 22:15:49 +07: sleeping
Time: Вт 29 дек 2020 22:16:04 +07: wait new instruction
Time: Вт 29 дек 2020 22:16:05 +07: sleeping
Time: Вт 29 дек 2020 22:16:20 +07: wait new instruction
Time: Вт 29 дек 2020 22:16:21 +07: sleeping
Time: Вт 29 дек 2020 22:16:36 +07: wait new instruction
Time: Вт 29 дек 2020 22:16:37 +07: sleeping
Time: Вт 29 дек 2020 22:16:52 +07: wait new instruction
Time: Вт 29 дек 2020 22:16:53 +07: sleeping
Time: Вт 29 дек 2020 22:17:08 +07: wait new instruction
Time: Вт 29 дек 2020 22:17:09 +07: sleeping
Time: Вт 29 дек 2020 22:17:24 +07: wait new instruction
Time: Вт 29 дек 2020 22:17:24 +07: sleeping
Time: Вт 29 дек 2020 22:17:39 +07: wait new instruction
Time: Вт 29 дек 2020 22:17:40 +07: sleeping
Time: Вт 29 дек 2020 22:17:55 +07: wait new instruction
Time: Вт 29 дек 2020 22:17:56 +07: sleeping
Time: Вт 29 дек 2020 22:18:11 +07: wait new instruction
Time: Вт 29 дек 2020 22:18:12 +07: sleeping
Time: Вт 29 дек 2020 22:18:27 +07: wait new instruction
Time: Вт 29 дек 2020 22:18:28 +07: sleeping
Time: Вт 29 дек 2020 22:18:43 +07: wait new instruction
Time: Вт 29 дек 2020 22:18:44 +07: sleeping
Time: Вт 29 дек 2020 22:18:59 +07: wait new instruction
Time: Вт 29 дек 2020 22:19:00 +07: sleeping
Time: Вт 29 дек 2020 22:19:15 +07: wait new instruction
Time: Вт 29 дек 2020 22:19:15 +07: sleeping
Time: Вт 29 дек 2020 22:19:30 +07: wait new instruction
Time: Вт 29 дек 2020 22:19:31 +07: sleeping
Time: Вт 29 дек 2020 22:19:46 +07: wait new instruction
Time: Вт 29 дек 2020 22:19:47 +07: sleeping
Time: Вт 29 дек 2020 22:20:02 +07: wait new instruction
Time: Вт 29 дек 2020 22:20:03 +07: sleeping
Time: Вт 29 дек 2020 22:20:18 +07: wait new instruction
Time: Вт 29 дек 2020 22:20:19 +07: sleeping
Time: Вт 29 дек 2020 22:20:34 +07: wait new instruction
Time: Вт 29 дек 2020 22:20:35 +07: sleeping
Time: Вт 29 дек 2020 22:20:50 +07: wait new instruction
Time: Вт 29 дек 2020 22:20:50 +07: sleeping
Time: Вт 29 дек 2020 22:21:05 +07: wait new instruction
Time: Вт 29 дек 2020 22:21:06 +07: sleeping
Time: Вт 29 дек 2020 22:21:21 +07: wait new instruction
Time: Вт 29 дек 2020 22:21:22 +07: sleeping
Time: Вт 29 дек 2020 22:21:37 +07: wait new instruction
Time: Вт 29 дек 2020 22:21:38 +07: sleeping
Time: Вт 29 дек 2020 22:21:53 +07: wait new instruction
Time: Вт 29 дек 2020 22:21:54 +07: sleeping
Time: Вт 29 дек 2020 22:22:09 +07: wait new instruction
Time: Вт 29 дек 2020 22:22:10 +07: sleeping
Time: Вт 29 дек 2020 22:22:25 +07: wait new instruction
Time: Вт 29 дек 2020 22:22:25 +07: sleeping
Time: Вт 29 дек 2020 22:22:40 +07: wait new instruction
Time: Вт 29 дек 2020 22:22:41 +07: sleeping
Time: Вт 29 дек 2020 22:22:56 +07: wait new instruction
Time: Вт 29 дек 2020 22:22:57 +07: sleeping
Time: Вт 29 дек 2020 22:23:12 +07: wait new instruction
Time: Вт 29 дек 2020 22:23:13 +07: sleeping
Time: Вт 29 дек 2020 22:23:28 +07: wait new instruction
Time: Вт 29 дек 2020 22:23:29 +07: sleeping
Time: Вт 29 дек 2020 22:23:44 +07: wait new instruction
Time: Вт 29 дек 2020 22:23:45 +07: sleeping
Time: Вт 29 дек 2020 22:24:00 +07: wait new instruction
Time: Вт 29 дек 2020 22:24:00 +07: sleeping
Time: Вт 29 дек 2020 22:24:15 +07: wait new instruction
Time: Вт 29 дек 2020 22:24:16 +07: sleeping
Time: Вт 29 дек 2020 22:24:31 +07: wait new instruction
Time: Вт 29 дек 2020 22:24:32 +07: sleeping
Time: Вт 29 дек 2020 22:24:47 +07: wait new instruction
Time: Вт 29 дек 2020 22:24:48 +07: sleeping
Time: Вт 29 дек 2020 22:25:03 +07: wait new instruction
Time: Вт 29 дек 2020 22:25:04 +07: sleeping
Time: Вт 29 дек 2020 22:25:19 +07: wait new instruction
Time: Вт 29 дек 2020 22:25:19 +07: sleeping
Time: Вт 29 дек 2020 22:25:34 +07: wait new instruction
Time: Вт 29 дек 2020 22:25:35 +07: sleeping
Time: Вт 29 дек 2020 22:25:50 +07: wait new instruction
Time: Вт 29 дек 2020 22:25:51 +07: sleeping
Time: Вт 29 дек 2020 22:26:06 +07: wait new instruction
Time: Вт 29 дек 2020 22:26:07 +07: sleeping
Time: Вт 29 дек 2020 22:26:22 +07: wait new instruction
Time: Вт 29 дек 2020 22:26:23 +07: sleeping
Time: Вт 29 дек 2020 22:26:38 +07: wait new instruction
Time: Вт 29 дек 2020 22:26:39 +07: sleeping
Time: Вт 29 дек 2020 22:26:54 +07: wait new instruction
Time: Вт 29 дек 2020 22:26:54 +07: sleeping
Time: Вт 29 дек 2020 22:27:09 +07: wait new instruction
Time: Вт 29 дек 2020 22:27:10 +07: sleeping
Time: Вт 29 дек 2020 22:27:25 +07: wait new instruction
Time: Вт 29 дек 2020 22:27:26 +07: sleeping
Time: Вт 29 дек 2020 22:27:41 +07: wait new instruction
Time: Вт 29 дек 2020 22:27:42 +07: sleeping
Time: Вт 29 дек 2020 22:27:57 +07: wait new instruction
Time: Вт 29 дек 2020 22:27:58 +07: sleeping
Time: Вт 29 дек 2020 22:28:13 +07: wait new instruction
Time: Вт 29 дек 2020 22:28:14 +07: sleeping
Time: Вт 29 дек 2020 22:28:29 +07: wait new instruction
Time: Вт 29 дек 2020 22:28:29 +07: sleeping
Time: Вт 29 дек 2020 22:28:44 +07: wait new instruction
Time: Вт 29 дек 2020 22:28:45 +07: sleeping
Time: Вт 29 дек 2020 22:29:00 +07: wait new instruction
Time: Вт 29 дек 2020 22:29:01 +07: sleeping
Time: Вт 29 дек 2020 22:29:16 +07: wait new instruction
Time: Вт 29 дек 2020 22:29:17 +07: sleeping
Time: Вт 29 дек 2020 22:29:32 +07: wait new instruction
Time: Вт 29 дек 2020 22:29:33 +07: sleeping
Time: Вт 29 дек 2020 22:29:48 +07: wait new instruction
Time: Вт 29 дек 2020 22:29:49 +07: sleeping
Time: Вт 29 дек 2020 22:30:04 +07: wait new instruction
Time: Вт 29 дек 2020 22:30:04 +07: sleeping
Time: Вт 29 дек 2020 22:30:19 +07: wait new instruction
Time: Вт 29 дек 2020 22:30:20 +07: sleeping
Time: Вт 29 дек 2020 22:30:35 +07: wait new instruction
Time: Вт 29 дек 2020 22:30:36 +07: sleeping
Time: Вт 29 дек 2020 22:30:51 +07: wait new instruction
Time: Вт 29 дек 2020 22:30:52 +07: sleeping
Time: Вт 29 дек 2020 22:31:07 +07: wait new instruction
Time: Вт 29 дек 2020 22:31:08 +07: sleeping
Time: Вт 29 дек 2020 22:31:23 +07: wait new instruction
Time: Вт 29 дек 2020 22:31:23 +07: sleeping
Time: Вт 29 дек 2020 22:31:38 +07: wait new instruction
Time: Вт 29 дек 2020 22:31:39 +07: sleeping
Time: Вт 29 дек 2020 22:31:54 +07: wait new instruction
Time: Вт 29 дек 2020 22:31:55 +07: sleeping
Time: Вт 29 дек 2020 22:32:10 +07: wait new instruction
Time: Вт 29 дек 2020 22:32:11 +07: sleeping
Time: Вт 29 дек 2020 22:32:26 +07: wait new instruction
Time: Вт 29 дек 2020 22:32:27 +07: sleeping
Time: Вт 29 дек 2020 22:32:42 +07: wait new instruction
Time: Вт 29 дек 2020 22:32:43 +07: sleeping
Time: Вт 29 дек 2020 22:32:58 +07: wait new instruction
Time: Вт 29 дек 2020 22:32:58 +07: sleeping
Time: Вт 29 дек 2020 22:33:13 +07: wait new instruction
Time: Вт 29 дек 2020 22:33:14 +07: sleeping
Time: Вт 29 дек 2020 22:33:29 +07: wait new instruction
Time: Вт 29 дек 2020 22:33:30 +07: sleeping
Time: Вт 29 дек 2020 22:33:45 +07: wait new instruction
Time: Вт 29 дек 2020 22:33:46 +07: sleeping
Time: Вт 29 дек 2020 22:34:01 +07: wait new instruction
Time: Вт 29 дек 2020 22:34:02 +07: sleeping
Time: Вт 29 дек 2020 22:34:17 +07: wait new instruction
Time: Вт 29 дек 2020 22:34:17 +07: sleeping
Time: Вт 29 дек 2020 22:34:32 +07: wait new instruction
Time: Вт 29 дек 2020 22:34:33 +07: sleeping
Time: Вт 29 дек 2020 22:34:48 +07: wait new instruction
Time: Вт 29 дек 2020 22:34:49 +07: sleeping
Time: Вт 29 дек 2020 22:35:04 +07: wait new instruction
Time: Вт 29 дек 2020 22:35:05 +07: sleeping
Time: Вт 29 дек 2020 22:35:20 +07: wait new instruction
Time: Вт 29 дек 2020 22:35:21 +07: sleeping
Time: Вт 29 дек 2020 22:35:36 +07: wait new instruction
Time: Вт 29 дек 2020 22:35:37 +07: sleeping
Time: Вт 29 дек 2020 22:35:52 +07: wait new instruction
Time: Вт 29 дек 2020 22:35:52 +07: sleeping
Time: Вт 29 дек 2020 22:36:07 +07: wait new instruction
Time: Вт 29 дек 2020 22:36:08 +07: sleeping
Time: Вт 29 дек 2020 22:36:23 +07: wait new instruction
Time: Вт 29 дек 2020 22:36:24 +07: sleeping
Time: Вт 29 дек 2020 22:36:39 +07: wait new instruction
Time: Вт 29 дек 2020 22:36:40 +07: sleeping
Time: Вт 29 дек 2020 22:36:55 +07: wait new instruction
Time: Вт 29 дек 2020 22:36:56 +07: sleeping
Time: Вт 29 дек 2020 22:37:11 +07: wait new instruction
Time: Вт 29 дек 2020 22:37:12 +07: sleeping
Time: Вт 29 дек 2020 22:37:27 +07: wait new instruction
Time: Вт 29 дек 2020 22:37:28 +07: sleeping
Time: Вт 29 дек 2020 22:37:43 +07: wait new instruction
Time: Вт 29 дек 2020 22:37:43 +07: sleeping
Time: Вт 29 дек 2020 22:37:58 +07: wait new instruction
Time: Вт 29 дек 2020 22:37:59 +07: sleeping
Time: Вт 29 дек 2020 22:38:14 +07: wait new instruction
Time: Вт 29 дек 2020 22:38:15 +07: sleeping
Time: Вт 29 дек 2020 22:38:30 +07: wait new instruction
Time: Вт 29 дек 2020 22:38:31 +07: sleeping
Time: Вт 29 дек 2020 22:38:46 +07: wait new instruction
Time: Вт 29 дек 2020 22:38:47 +07: sleeping
Time: Вт 29 дек 2020 22:39:02 +07: wait new instruction
Time: Вт 29 дек 2020 22:39:02 +07: sleeping
Time: Вт 29 дек 2020 22:39:18 +07: wait new instruction
Time: Вт 29 дек 2020 22:39:18 +07: sleeping
Time: Вт 29 дек 2020 22:39:33 +07: wait new instruction
Time: Вт 29 дек 2020 22:39:34 +07: sleeping
Time: Вт 29 дек 2020 22:39:49 +07: wait new instruction
Time: Вт 29 дек 2020 22:39:50 +07: sleeping
Time: Вт 29 дек 2020 22:40:05 +07: wait new instruction
Time: Вт 29 дек 2020 22:40:06 +07: sleeping
Time: Вт 29 дек 2020 22:40:21 +07: wait new instruction
Time: Вт 29 дек 2020 22:40:22 +07: sleeping
Time: Вт 29 дек 2020 22:40:37 +07: wait new instruction
Time: Вт 29 дек 2020 22:40:37 +07: sleeping
Time: Вт 29 дек 2020 22:40:52 +07: wait new instruction
Time: Вт 29 дек 2020 22:40:53 +07: sleeping
Time: Вт 29 дек 2020 22:41:08 +07: wait new instruction
Time: Вт 29 дек 2020 22:41:09 +07: sleeping
Time: Вт 29 дек 2020 22:41:24 +07: wait new instruction
Time: Вт 29 дек 2020 22:41:25 +07: sleeping
Time: Вт 29 дек 2020 22:41:40 +07: wait new instruction
Time: Вт 29 дек 2020 22:41:41 +07: sleeping
Time: Вт 29 дек 2020 22:41:56 +07: wait new instruction
Time: Вт 29 дек 2020 22:41:57 +07: sleeping
Time: Вт 29 дек 2020 22:42:12 +07: wait new instruction
Time: Вт 29 дек 2020 22:42:12 +07: sleeping
Time: Вт 29 дек 2020 22:42:27 +07: wait new instruction
Time: Вт 29 дек 2020 22:42:28 +07: sleeping
Time: Вт 29 дек 2020 22:42:43 +07: wait new instruction
Time: Вт 29 дек 2020 22:42:44 +07: sleeping
Time: Вт 29 дек 2020 22:42:59 +07: wait new instruction
Time: Вт 29 дек 2020 22:43:00 +07: sleeping
Time: Вт 29 дек 2020 22:43:15 +07: wait new instruction
Time: Вт 29 дек 2020 22:43:16 +07: sleeping
Time: Вт 29 дек 2020 22:43:31 +07: wait new instruction
Time: Вт 29 дек 2020 22:43:32 +07: sleeping
Time: Вт 29 дек 2020 22:43:47 +07: wait new instruction
Time: Вт 29 дек 2020 22:43:47 +07: sleeping
Time: Вт 29 дек 2020 22:44:02 +07: wait new instruction
Time: Вт 29 дек 2020 22:44:03 +07: sleeping
Time: Вт 29 дек 2020 22:44:18 +07: wait new instruction
Time: Вт 29 дек 2020 22:44:19 +07: sleeping
Time: Вт 29 дек 2020 22:44:34 +07: wait new instruction
Time: Вт 29 дек 2020 22:44:35 +07: sleeping
Time: Вт 29 дек 2020 22:44:50 +07: wait new instruction
Time: Вт 29 дек 2020 22:44:51 +07: sleeping
Time: Вт 29 дек 2020 22:45:06 +07: wait new instruction
Time: Вт 29 дек 2020 22:45:07 +07: sleeping
Time: Вт 29 дек 2020 22:45:22 +07: wait new instruction
Time: Вт 29 дек 2020 22:45:22 +07: sleeping
Time: Вт 29 дек 2020 22:45:37 +07: wait new instruction
Time: Вт 29 дек 2020 22:45:38 +07: sleeping
Time: Вт 29 дек 2020 22:45:53 +07: wait new instruction
Time: Вт 29 дек 2020 22:45:54 +07: sleeping
Time: Вт 29 дек 2020 22:46:09 +07: wait new instruction
Time: Вт 29 дек 2020 22:46:10 +07: sleeping
Time: Вт 29 дек 2020 22:46:25 +07: wait new instruction
Time: Вт 29 дек 2020 22:46:26 +07: sleeping
Time: Вт 29 дек 2020 22:46:41 +07: wait new instruction
Time: Вт 29 дек 2020 22:46:42 +07: sleeping
Time: Вт 29 дек 2020 22:46:57 +07: wait new instruction
Time: Вт 29 дек 2020 22:46:57 +07: sleeping
Time: Вт 29 дек 2020 22:47:12 +07: wait new instruction
Time: Вт 29 дек 2020 22:47:13 +07: sleeping
Time: Вт 29 дек 2020 22:47:28 +07: wait new instruction
Time: Вт 29 дек 2020 22:47:29 +07: sleeping
Time: Вт 29 дек 2020 22:47:44 +07: wait new instruction
Time: Вт 29 дек 2020 22:47:45 +07: sleeping
Time: Вт 29 дек 2020 22:48:00 +07: wait new instruction
Time: Вт 29 дек 2020 22:48:01 +07: sleeping
Time: Вт 29 дек 2020 22:48:16 +07: wait new instruction
Time: Вт 29 дек 2020 22:48:16 +07: sleeping
Time: Вт 29 дек 2020 22:48:31 +07: wait new instruction
Time: Вт 29 дек 2020 22:48:32 +07: sleeping
Time: Вт 29 дек 2020 22:48:47 +07: wait new instruction
Time: Вт 29 дек 2020 22:48:48 +07: sleeping
Time: Вт 29 дек 2020 22:49:03 +07: wait new instruction
Time: Вт 29 дек 2020 22:49:04 +07: sleeping
Time: Вт 29 дек 2020 22:49:19 +07: wait new instruction
Time: Вт 29 дек 2020 22:49:20 +07: sleeping
Time: Вт 29 дек 2020 22:49:35 +07: wait new instruction
Time: Вт 29 дек 2020 22:49:36 +07: sleeping
Time: Вт 29 дек 2020 22:49:51 +07: wait new instruction
Time: Вт 29 дек 2020 22:49:51 +07: sleeping
Time: Вт 29 дек 2020 22:50:06 +07: wait new instruction
Time: Вт 29 дек 2020 22:50:07 +07: sleeping
Time: Вт 29 дек 2020 22:50:22 +07: wait new instruction
Time: Вт 29 дек 2020 22:50:23 +07: sleeping
Time: Вт 29 дек 2020 22:50:38 +07: wait new instruction
Time: Вт 29 дек 2020 22:50:39 +07: sleeping
Time: Вт 29 дек 2020 22:50:54 +07: wait new instruction
Time: Вт 29 дек 2020 22:50:55 +07: sleeping
Time: Вт 29 дек 2020 22:51:10 +07: wait new instruction
Time: Вт 29 дек 2020 22:51:11 +07: sleeping
Time: Вт 29 дек 2020 22:51:26 +07: wait new instruction
Time: Вт 29 дек 2020 22:51:26 +07: sleeping
Time: Вт 29 дек 2020 22:51:41 +07: wait new instruction
Time: Вт 29 дек 2020 22:51:42 +07: sleeping
Time: Вт 29 дек 2020 22:51:57 +07: wait new instruction
Time: Вт 29 дек 2020 22:51:58 +07: sleeping
Time: Вт 29 дек 2020 22:52:13 +07: wait new instruction
Time: Вт 29 дек 2020 22:52:14 +07: sleeping
Time: Вт 29 дек 2020 22:52:29 +07: wait new instruction
Time: Вт 29 дек 2020 22:52:30 +07: sleeping
Time: Вт 29 дек 2020 22:52:45 +07: wait new instruction
Time: Вт 29 дек 2020 22:52:46 +07: sleeping
Time: Вт 29 дек 2020 22:53:01 +07: wait new instruction
Time: Вт 29 дек 2020 22:53:01 +07: sleeping
Time: Вт 29 дек 2020 22:53:16 +07: wait new instruction
Time: Вт 29 дек 2020 22:53:17 +07: sleeping
Time: Вт 29 дек 2020 22:53:32 +07: wait new instruction
Time: Вт 29 дек 2020 22:53:33 +07: sleeping
Time: Вт 29 дек 2020 22:53:48 +07: wait new instruction
Time: Вт 29 дек 2020 22:53:49 +07: sleeping
Time: Вт 29 дек 2020 22:54:04 +07: wait new instruction
Time: Вт 29 дек 2020 22:54:05 +07: sleeping
Time: Вт 29 дек 2020 22:54:20 +07: wait new instruction
Time: Вт 29 дек 2020 22:54:20 +07: sleeping
Time: Вт 29 дек 2020 22:54:35 +07: wait new instruction
Time: Вт 29 дек 2020 22:54:36 +07: sleeping
Time: Вт 29 дек 2020 22:54:51 +07: wait new instruction
Time: Вт 29 дек 2020 22:54:52 +07: sleeping
Time: Вт 29 дек 2020 22:55:07 +07: wait new instruction
Time: Вт 29 дек 2020 22:55:08 +07: sleeping
Time: Вт 29 дек 2020 22:55:23 +07: wait new instruction
Time: Вт 29 дек 2020 22:55:24 +07: sleeping
Time: Вт 29 дек 2020 22:55:39 +07: wait new instruction
Time: Вт 29 дек 2020 22:55:40 +07: sleeping
Time: Вт 29 дек 2020 22:55:55 +07: wait new instruction
Time: Вт 29 дек 2020 22:55:55 +07: sleeping
Time: Вт 29 дек 2020 22:56:10 +07: wait new instruction
Time: Вт 29 дек 2020 22:56:11 +07: sleeping
Time: Вт 29 дек 2020 22:56:26 +07: wait new instruction
Time: Вт 29 дек 2020 22:56:27 +07: sleeping
Time: Вт 29 дек 2020 22:56:42 +07: wait new instruction
Time: Вт 29 дек 2020 22:56:43 +07: sleeping
Time: Вт 29 дек 2020 22:56:58 +07: wait new instruction
Time: Вт 29 дек 2020 22:56:59 +07: sleeping
Time: Вт 29 дек 2020 22:57:14 +07: wait new instruction
Time: Вт 29 дек 2020 22:57:15 +07: sleeping
Time: Вт 29 дек 2020 22:57:30 +07: wait new instruction
Time: Вт 29 дек 2020 22:57:30 +07: sleeping
Time: Вт 29 дек 2020 22:57:45 +07: wait new instruction
Time: Вт 29 дек 2020 22:57:46 +07: sleeping
Time: Вт 29 дек 2020 22:58:01 +07: wait new instruction
Time: Вт 29 дек 2020 22:58:02 +07: sleeping
Time: Вт 29 дек 2020 22:58:17 +07: wait new instruction
Time: Вт 29 дек 2020 22:58:18 +07: sleeping
Time: Вт 29 дек 2020 22:58:33 +07: wait new instruction
Time: Вт 29 дек 2020 22:58:34 +07: sleeping
Time: Вт 29 дек 2020 22:58:49 +07: wait new instruction
Time: Вт 29 дек 2020 22:58:50 +07: sleeping
Time: Вт 29 дек 2020 22:59:05 +07: wait new instruction
Time: Вт 29 дек 2020 22:59:05 +07: sleeping
Time: Вт 29 дек 2020 22:59:20 +07: wait new instruction
Time: Вт 29 дек 2020 22:59:21 +07: sleeping
Time: Вт 29 дек 2020 22:59:36 +07: wait new instruction
Time: Вт 29 дек 2020 22:59:37 +07: sleeping
Time: Вт 29 дек 2020 22:59:52 +07: wait new instruction
Time: Вт 29 дек 2020 22:59:53 +07: sleeping
Time: Вт 29 дек 2020 23:00:08 +07: wait new instruction
Time: Вт 29 дек 2020 23:00:09 +07: sleeping
Time: Вт 29 дек 2020 23:00:24 +07: wait new instruction
Time: Вт 29 дек 2020 23:00:24 +07: sleeping
Time: Вт 29 дек 2020 23:00:39 +07: wait new instruction
Time: Вт 29 дек 2020 23:00:40 +07: sleeping
Time: Вт 29 дек 2020 23:00:55 +07: wait new instruction
Time: Вт 29 дек 2020 23:00:56 +07: sleeping
Time: Вт 29 дек 2020 23:01:11 +07: wait new instruction
Time: Вт 29 дек 2020 23:01:12 +07: sleeping
Time: Вт 29 дек 2020 23:01:27 +07: wait new instruction
Time: Вт 29 дек 2020 23:01:28 +07: sleeping
Time: Вт 29 дек 2020 23:01:43 +07: wait new instruction
Time: Вт 29 дек 2020 23:01:44 +07: sleeping
Time: Вт 29 дек 2020 23:01:59 +07: wait new instruction
Time: Вт 29 дек 2020 23:02:00 +07: sleeping
Time: Вт 29 дек 2020 23:02:15 +07: wait new instruction
Time: Вт 29 дек 2020 23:02:15 +07: sleeping
Time: Вт 29 дек 2020 23:02:30 +07: wait new instruction
Time: Вт 29 дек 2020 23:02:31 +07: sleeping
Time: Вт 29 дек 2020 23:02:46 +07: wait new instruction
Time: Вт 29 дек 2020 23:02:47 +07: sleeping
Time: Вт 29 дек 2020 23:03:02 +07: wait new instruction
Time: Вт 29 дек 2020 23:03:03 +07: sleeping
Time: Вт 29 дек 2020 23:03:18 +07: wait new instruction
Time: Вт 29 дек 2020 23:03:19 +07: sleeping
Time: Вт 29 дек 2020 23:03:34 +07: wait new instruction
Time: Вт 29 дек 2020 23:03:34 +07: sleeping
Time: Вт 29 дек 2020 23:03:49 +07: wait new instruction
Time: Вт 29 дек 2020 23:03:50 +07: sleeping
Time: Вт 29 дек 2020 23:04:05 +07: wait new instruction
Time: Вт 29 дек 2020 23:04:06 +07: sleeping
Time: Вт 29 дек 2020 23:04:21 +07: wait new instruction
Time: Вт 29 дек 2020 23:04:22 +07: sleeping
Time: Вт 29 дек 2020 23:04:37 +07: wait new instruction
Time: Вт 29 дек 2020 23:04:38 +07: sleeping
Time: Вт 29 дек 2020 23:04:53 +07: wait new instruction
Time: Вт 29 дек 2020 23:04:54 +07: sleeping
Time: Вт 29 дек 2020 23:05:09 +07: wait new instruction
Time: Вт 29 дек 2020 23:05:09 +07: sleeping
Time: Вт 29 дек 2020 23:05:24 +07: wait new instruction
Time: Вт 29 дек 2020 23:05:25 +07: sleeping
Time: Вт 29 дек 2020 23:05:40 +07: wait new instruction
Time: Вт 29 дек 2020 23:05:41 +07: sleeping
Time: Вт 29 дек 2020 23:05:56 +07: wait new instruction
Time: Вт 29 дек 2020 23:05:57 +07: sleeping
Time: Вт 29 дек 2020 23:06:12 +07: wait new instruction
Time: Вт 29 дек 2020 23:06:13 +07: sleeping
Time: Вт 29 дек 2020 23:06:28 +07: wait new instruction
Time: Вт 29 дек 2020 23:06:29 +07: sleeping
Time: Вт 29 дек 2020 23:06:44 +07: wait new instruction
Time: Вт 29 дек 2020 23:06:45 +07: sleeping
Time: Вт 29 дек 2020 23:07:00 +07: wait new instruction
Time: Вт 29 дек 2020 23:07:00 +07: sleeping
Time: Вт 29 дек 2020 23:07:15 +07: wait new instruction
Time: Вт 29 дек 2020 23:07:16 +07: sleeping
Time: Вт 29 дек 2020 23:07:31 +07: wait new instruction
Time: Вт 29 дек 2020 23:07:32 +07: sleeping
Time: Вт 29 дек 2020 23:07:47 +07: wait new instruction
Time: Вт 29 дек 2020 23:07:48 +07: sleeping
Time: Вт 29 дек 2020 23:08:03 +07: wait new instruction
Time: Вт 29 дек 2020 23:08:04 +07: sleeping
Time: Вт 29 дек 2020 23:08:19 +07: wait new instruction
Time: Вт 29 дек 2020 23:08:20 +07: sleeping
Time: Вт 29 дек 2020 23:08:35 +07: wait new instruction
Time: Вт 29 дек 2020 23:08:35 +07: sleeping
Time: Вт 29 дек 2020 23:08:50 +07: wait new instruction
Time: Вт 29 дек 2020 23:08:51 +07: sleeping
Time: Вт 29 дек 2020 23:09:06 +07: wait new instruction
Time: Вт 29 дек 2020 23:09:07 +07: sleeping
Time: Вт 29 дек 2020 23:09:22 +07: wait new instruction
Time: Вт 29 дек 2020 23:09:23 +07: sleeping
Time: Вт 29 дек 2020 23:09:38 +07: wait new instruction
Time: Вт 29 дек 2020 23:09:39 +07: sleeping
Time: Вт 29 дек 2020 23:09:54 +07: wait new instruction
Time: Вт 29 дек 2020 23:09:55 +07: sleeping
Time: Вт 29 дек 2020 23:10:10 +07: wait new instruction
Time: Вт 29 дек 2020 23:10:10 +07: sleeping
Time: Вт 29 дек 2020 23:10:25 +07: wait new instruction
Time: Вт 29 дек 2020 23:10:26 +07: sleeping
Time: Вт 29 дек 2020 23:10:41 +07: wait new instruction
Time: Вт 29 дек 2020 23:10:42 +07: sleeping
Time: Вт 29 дек 2020 23:10:57 +07: wait new instruction
Time: Вт 29 дек 2020 23:10:58 +07: sleeping
Time: Вт 29 дек 2020 23:11:13 +07: wait new instruction
Time: Вт 29 дек 2020 23:11:14 +07: sleeping
Time: Вт 29 дек 2020 23:11:29 +07: wait new instruction
Time: Вт 29 дек 2020 23:11:29 +07: sleeping
Time: Вт 29 дек 2020 23:11:44 +07: wait new instruction
Time: Вт 29 дек 2020 23:11:45 +07: sleeping
Time: Вт 29 дек 2020 23:12:00 +07: wait new instruction
Time: Вт 29 дек 2020 23:12:01 +07: sleeping
Time: Вт 29 дек 2020 23:12:16 +07: wait new instruction
Time: Вт 29 дек 2020 23:12:17 +07: sleeping
Time: Вт 29 дек 2020 23:12:32 +07: wait new instruction
Time: Вт 29 дек 2020 23:12:33 +07: sleeping
Time: Вт 29 дек 2020 23:12:48 +07: wait new instruction
Time: Вт 29 дек 2020 23:12:49 +07: sleeping
Time: Вт 29 дек 2020 23:13:04 +07: wait new instruction
Time: Вт 29 дек 2020 23:13:05 +07: sleeping
Time: Вт 29 дек 2020 23:13:20 +07: wait new instruction
Time: Вт 29 дек 2020 23:13:20 +07: sleeping
Time: Вт 29 дек 2020 23:13:35 +07: wait new instruction
Time: Вт 29 дек 2020 23:13:36 +07: sleeping
Time: Вт 29 дек 2020 23:13:51 +07: wait new instruction
Time: Вт 29 дек 2020 23:13:52 +07: sleeping
Time: Вт 29 дек 2020 23:14:07 +07: wait new instruction
Time: Вт 29 дек 2020 23:14:08 +07: sleeping
Time: Вт 29 дек 2020 23:14:23 +07: wait new instruction
Time: Вт 29 дек 2020 23:14:24 +07: sleeping
Time: Вт 29 дек 2020 23:14:39 +07: wait new instruction
Time: Вт 29 дек 2020 23:14:39 +07: sleeping
Time: Вт 29 дек 2020 23:14:54 +07: wait new instruction
Time: Вт 29 дек 2020 23:14:55 +07: sleeping
Time: Вт 29 дек 2020 23:15:10 +07: wait new instruction
Time: Вт 29 дек 2020 23:15:11 +07: sleeping
Time: Вт 29 дек 2020 23:15:26 +07: wait new instruction
Time: Вт 29 дек 2020 23:15:27 +07: sleeping
Time: Вт 29 дек 2020 23:15:42 +07: wait new instruction
Time: Вт 29 дек 2020 23:15:43 +07: sleeping
Time: Вт 29 дек 2020 23:15:58 +07: wait new instruction
Time: Вт 29 дек 2020 23:15:58 +07: sleeping
Time: Вт 29 дек 2020 23:16:13 +07: wait new instruction
Time: Вт 29 дек 2020 23:16:14 +07: sleeping
Time: Вт 29 дек 2020 23:16:29 +07: wait new instruction
Time: Вт 29 дек 2020 23:16:30 +07: sleeping
Time: Вт 29 дек 2020 23:16:45 +07: wait new instruction
Time: Вт 29 дек 2020 23:16:46 +07: sleeping
Time: Вт 29 дек 2020 23:17:01 +07: wait new instruction
Time: Вт 29 дек 2020 23:17:02 +07: sleeping
Time: Вт 29 дек 2020 23:17:17 +07: wait new instruction
Time: Вт 29 дек 2020 23:17:18 +07: sleeping
Time: Вт 29 дек 2020 23:17:33 +07: wait new instruction
Time: Вт 29 дек 2020 23:17:33 +07: sleeping
Time: Вт 29 дек 2020 23:17:48 +07: wait new instruction
Time: Вт 29 дек 2020 23:17:49 +07: sleeping
Time: Вт 29 дек 2020 23:18:04 +07: wait new instruction
Time: Вт 29 дек 2020 23:18:05 +07: sleeping
Time: Вт 29 дек 2020 23:18:20 +07: wait new instruction
Time: Вт 29 дек 2020 23:18:21 +07: sleeping
Time: Вт 29 дек 2020 23:18:36 +07: wait new instruction
Time: Вт 29 дек 2020 23:18:37 +07: sleeping
Time: Вт 29 дек 2020 23:18:52 +07: wait new instruction
Time: Вт 29 дек 2020 23:18:53 +07: sleeping
Time: Вт 29 дек 2020 23:19:08 +07: wait new instruction
Time: Вт 29 дек 2020 23:19:08 +07: sleeping
Time: Вт 29 дек 2020 23:19:23 +07: wait new instruction
Time: Вт 29 дек 2020 23:19:24 +07: sleeping
Time: Вт 29 дек 2020 23:19:39 +07: wait new instruction
Time: Вт 29 дек 2020 23:19:40 +07: sleeping
Time: Вт 29 дек 2020 23:19:55 +07: wait new instruction
Time: Вт 29 дек 2020 23:19:56 +07: sleeping
Time: Вт 29 дек 2020 23:20:11 +07: wait new instruction
Time: Вт 29 дек 2020 23:20:12 +07: sleeping
Time: Вт 29 дек 2020 23:20:27 +07: wait new instruction
Time: Вт 29 дек 2020 23:20:28 +07: sleeping
Time: Вт 29 дек 2020 23:20:43 +07: wait new instruction
Time: Вт 29 дек 2020 23:20:43 +07: sleeping
Time: Вт 29 дек 2020 23:20:58 +07: wait new instruction
Time: Вт 29 дек 2020 23:20:59 +07: sleeping
Time: Вт 29 дек 2020 23:21:14 +07: wait new instruction
Time: Вт 29 дек 2020 23:21:15 +07: sleeping
Time: Вт 29 дек 2020 23:21:30 +07: wait new instruction
Time: Вт 29 дек 2020 23:21:31 +07: sleeping
Time: Вт 29 дек 2020 23:21:46 +07: wait new instruction
Time: Вт 29 дек 2020 23:21:47 +07: sleeping
Time: Вт 29 дек 2020 23:22:02 +07: wait new instruction
Time: Вт 29 дек 2020 23:22:03 +07: sleeping
Time: Вт 29 дек 2020 23:22:18 +07: wait new instruction
Time: Вт 29 дек 2020 23:22:19 +07: sleeping
Time: Вт 29 дек 2020 23:22:34 +07: wait new instruction
Time: Вт 29 дек 2020 23:22:34 +07: sleeping
Time: Вт 29 дек 2020 23:22:49 +07: wait new instruction
Time: Вт 29 дек 2020 23:22:50 +07: sleeping
Time: Вт 29 дек 2020 23:23:05 +07: wait new instruction
Time: Вт 29 дек 2020 23:23:06 +07: sleeping
Time: Вт 29 дек 2020 23:23:21 +07: wait new instruction
Time: Вт 29 дек 2020 23:23:22 +07: sleeping
Time: Вт 29 дек 2020 23:23:37 +07: wait new instruction
Time: Вт 29 дек 2020 23:23:38 +07: sleeping
Time: Вт 29 дек 2020 23:23:53 +07: wait new instruction
Time: Вт 29 дек 2020 23:23:53 +07: sleeping
Time: Вт 29 дек 2020 23:24:08 +07: wait new instruction
Time: Вт 29 дек 2020 23:24:09 +07: sleeping
Time: Вт 29 дек 2020 23:24:24 +07: wait new instruction
Time: Вт 29 дек 2020 23:24:25 +07: sleeping
Time: Вт 29 дек 2020 23:24:40 +07: wait new instruction
Time: Вт 29 дек 2020 23:24:41 +07: sleeping
Time: Вт 29 дек 2020 23:24:56 +07: wait new instruction
Time: Вт 29 дек 2020 23:24:57 +07: sleeping
Time: Вт 29 дек 2020 23:25:12 +07: wait new instruction
Time: Вт 29 дек 2020 23:25:13 +07: sleeping
Time: Вт 29 дек 2020 23:25:28 +07: wait new instruction
Time: Вт 29 дек 2020 23:25:28 +07: sleeping
Time: Вт 29 дек 2020 23:25:43 +07: wait new instruction
Time: Вт 29 дек 2020 23:25:44 +07: sleeping
Time: Вт 29 дек 2020 23:25:59 +07: wait new instruction
Time: Вт 29 дек 2020 23:26:00 +07: sleeping
Time: Вт 29 дек 2020 23:26:15 +07: wait new instruction
Time: Вт 29 дек 2020 23:26:16 +07: sleeping
Time: Вт 29 дек 2020 23:26:31 +07: wait new instruction
Time: Вт 29 дек 2020 23:26:32 +07: sleeping
Time: Вт 29 дек 2020 23:26:47 +07: wait new instruction
Time: Вт 29 дек 2020 23:26:48 +07: sleeping
Time: Вт 29 дек 2020 23:27:03 +07: wait new instruction
Time: Вт 29 дек 2020 23:27:03 +07: sleeping
Time: Вт 29 дек 2020 23:27:18 +07: wait new instruction
Time: Вт 29 дек 2020 23:27:19 +07: sleeping
Time: Вт 29 дек 2020 23:27:34 +07: wait new instruction
Time: Вт 29 дек 2020 23:27:35 +07: sleeping
Time: Вт 29 дек 2020 23:27:50 +07: wait new instruction
Time: Вт 29 дек 2020 23:27:51 +07: sleeping
Time: Вт 29 дек 2020 23:28:06 +07: wait new instruction
Time: Вт 29 дек 2020 23:28:07 +07: sleeping
Time: Вт 29 дек 2020 23:28:22 +07: wait new instruction
Time: Вт 29 дек 2020 23:28:23 +07: sleeping
Time: Вт 29 дек 2020 23:28:38 +07: wait new instruction
Time: Вт 29 дек 2020 23:28:38 +07: sleeping
Time: Вт 29 дек 2020 23:28:53 +07: wait new instruction
Time: Вт 29 дек 2020 23:28:54 +07: sleeping
Time: Вт 29 дек 2020 23:29:09 +07: wait new instruction
Time: Вт 29 дек 2020 23:29:10 +07: sleeping
Time: Вт 29 дек 2020 23:29:25 +07: wait new instruction
Time: Вт 29 дек 2020 23:29:26 +07: sleeping
Time: Вт 29 дек 2020 23:29:41 +07: wait new instruction
Time: Вт 29 дек 2020 23:29:42 +07: sleeping
Time: Вт 29 дек 2020 23:29:57 +07: wait new instruction
Time: Вт 29 дек 2020 23:29:57 +07: sleeping
Time: Вт 29 дек 2020 23:30:12 +07: wait new instruction
Time: Вт 29 дек 2020 23:30:13 +07: sleeping
Time: Вт 29 дек 2020 23:30:28 +07: wait new instruction
Time: Вт 29 дек 2020 23:30:29 +07: sleeping
Time: Вт 29 дек 2020 23:30:44 +07: wait new instruction
Time: Вт 29 дек 2020 23:30:45 +07: sleeping
Time: Вт 29 дек 2020 23:31:00 +07: wait new instruction
Time: Вт 29 дек 2020 23:31:01 +07: sleeping
Time: Вт 29 дек 2020 23:31:16 +07: wait new instruction
Time: Вт 29 дек 2020 23:31:17 +07: sleeping
Time: Вт 29 дек 2020 23:31:32 +07: wait new instruction
Time: Вт 29 дек 2020 23:31:32 +07: sleeping
Time: Вт 29 дек 2020 23:31:47 +07: wait new instruction
Time: Вт 29 дек 2020 23:31:48 +07: sleeping
Time: Вт 29 дек 2020 23:32:03 +07: wait new instruction
Time: Вт 29 дек 2020 23:32:04 +07: sleeping
Time: Вт 29 дек 2020 23:32:19 +07: wait new instruction
Time: Вт 29 дек 2020 23:32:20 +07: sleeping
Time: Вт 29 дек 2020 23:32:35 +07: wait new instruction
Time: Вт 29 дек 2020 23:32:36 +07: sleeping
Time: Вт 29 дек 2020 23:32:51 +07: wait new instruction
Time: Вт 29 дек 2020 23:32:52 +07: sleeping
Time: Вт 29 дек 2020 23:33:07 +07: wait new instruction
Time: Вт 29 дек 2020 23:33:07 +07: sleeping
Time: Вт 29 дек 2020 23:33:22 +07: wait new instruction
Time: Вт 29 дек 2020 23:33:23 +07: sleeping
Time: Вт 29 дек 2020 23:33:38 +07: wait new instruction
Time: Вт 29 дек 2020 23:33:39 +07: sleeping
Time: Вт 29 дек 2020 23:33:54 +07: wait new instruction
Time: Вт 29 дек 2020 23:33:55 +07: sleeping
Time: Вт 29 дек 2020 23:34:10 +07: wait new instruction
Time: Вт 29 дек 2020 23:34:11 +07: sleeping
Time: Вт 29 дек 2020 23:34:26 +07: wait new instruction
Time: Вт 29 дек 2020 23:34:27 +07: sleeping
Time: Вт 29 дек 2020 23:34:42 +07: wait new instruction
Time: Вт 29 дек 2020 23:34:42 +07: sleeping
Time: Вт 29 дек 2020 23:34:57 +07: wait new instruction
Time: Вт 29 дек 2020 23:34:58 +07: sleeping
Time: Вт 29 дек 2020 23:35:13 +07: wait new instruction
Time: Вт 29 дек 2020 23:35:14 +07: sleeping
Time: Вт 29 дек 2020 23:35:29 +07: wait new instruction
Time: Вт 29 дек 2020 23:35:30 +07: sleeping
Time: Вт 29 дек 2020 23:35:45 +07: wait new instruction
Time: Вт 29 дек 2020 23:35:46 +07: sleeping
Time: Вт 29 дек 2020 23:36:01 +07: wait new instruction
Time: Вт 29 дек 2020 23:36:02 +07: sleeping
Time: Вт 29 дек 2020 23:36:17 +07: wait new instruction
Time: Вт 29 дек 2020 23:36:17 +07: sleeping
Time: Вт 29 дек 2020 23:36:32 +07: wait new instruction
Time: Вт 29 дек 2020 23:36:33 +07: sleeping
Time: Вт 29 дек 2020 23:36:48 +07: wait new instruction
Time: Вт 29 дек 2020 23:36:49 +07: sleeping
Time: Вт 29 дек 2020 23:37:04 +07: wait new instruction
Time: Вт 29 дек 2020 23:37:05 +07: sleeping
Time: Вт 29 дек 2020 23:37:20 +07: wait new instruction
Time: Вт 29 дек 2020 23:37:21 +07: sleeping
Time: Вт 29 дек 2020 23:37:36 +07: wait new instruction
Time: Вт 29 дек 2020 23:37:37 +07: sleeping
Time: Вт 29 дек 2020 23:37:52 +07: wait new instruction
Time: Вт 29 дек 2020 23:37:52 +07: sleeping
Time: Вт 29 дек 2020 23:38:07 +07: wait new instruction
Time: Вт 29 дек 2020 23:38:08 +07: sleeping
Time: Вт 29 дек 2020 23:38:23 +07: wait new instruction
Time: Вт 29 дек 2020 23:38:24 +07: sleeping
Time: Вт 29 дек 2020 23:38:39 +07: wait new instruction
Time: Вт 29 дек 2020 23:38:40 +07: sleeping
Time: Вт 29 дек 2020 23:38:55 +07: wait new instruction
Time: Вт 29 дек 2020 23:38:56 +07: sleeping
Time: Вт 29 дек 2020 23:39:11 +07: wait new instruction
Time: Вт 29 дек 2020 23:39:12 +07: sleeping
Time: Вт 29 дек 2020 23:39:27 +07: wait new instruction
Time: Вт 29 дек 2020 23:39:27 +07: sleeping
Time: Вт 29 дек 2020 23:39:42 +07: wait new instruction
Time: Вт 29 дек 2020 23:39:43 +07: sleeping
Time: Вт 29 дек 2020 23:39:58 +07: wait new instruction
Time: Вт 29 дек 2020 23:39:59 +07: sleeping
Time: Вт 29 дек 2020 23:40:14 +07: wait new instruction
Time: Вт 29 дек 2020 23:40:15 +07: sleeping
Time: Вт 29 дек 2020 23:40:30 +07: wait new instruction
Time: Вт 29 дек 2020 23:40:31 +07: sleeping
Time: Вт 29 дек 2020 23:40:46 +07: wait new instruction
Time: Вт 29 дек 2020 23:40:47 +07: sleeping
Time: Вт 29 дек 2020 23:41:02 +07: wait new instruction
Time: Вт 29 дек 2020 23:41:02 +07: sleeping
Time: Вт 29 дек 2020 23:41:17 +07: wait new instruction
Time: Вт 29 дек 2020 23:41:18 +07: sleeping
Time: Вт 29 дек 2020 23:41:33 +07: wait new instruction
Time: Вт 29 дек 2020 23:41:34 +07: sleeping
Time: Вт 29 дек 2020 23:41:49 +07: wait new instruction
Time: Вт 29 дек 2020 23:41:50 +07: sleeping
Time: Вт 29 дек 2020 23:42:05 +07: wait new instruction
Time: Вт 29 дек 2020 23:42:06 +07: sleeping
Time: Вт 29 дек 2020 23:42:21 +07: wait new instruction
Time: Вт 29 дек 2020 23:42:22 +07: sleeping
Time: Вт 29 дек 2020 23:42:37 +07: wait new instruction
Time: Вт 29 дек 2020 23:42:37 +07: sleeping
Time: Вт 29 дек 2020 23:42:52 +07: wait new instruction
Time: Вт 29 дек 2020 23:42:53 +07: sleeping
Time: Вт 29 дек 2020 23:43:08 +07: wait new instruction
Time: Вт 29 дек 2020 23:43:09 +07: sleeping
Time: Вт 29 дек 2020 23:43:24 +07: wait new instruction
Time: Вт 29 дек 2020 23:43:25 +07: sleeping
Time: Вт 29 дек 2020 23:43:40 +07: wait new instruction
Time: Вт 29 дек 2020 23:43:41 +07: sleeping
Time: Вт 29 дек 2020 23:43:56 +07: wait new instruction
Time: Вт 29 дек 2020 23:43:57 +07: sleeping
Time: Вт 29 дек 2020 23:44:12 +07: wait new instruction
Time: Вт 29 дек 2020 23:44:12 +07: sleeping
Time: Вт 29 дек 2020 23:44:27 +07: wait new instruction
Time: Вт 29 дек 2020 23:44:28 +07: sleeping
Time: Вт 29 дек 2020 23:44:43 +07: wait new instruction
Time: Вт 29 дек 2020 23:44:44 +07: sleeping
Time: Вт 29 дек 2020 23:44:59 +07: wait new instruction
Time: Вт 29 дек 2020 23:45:00 +07: sleeping
Time: Вт 29 дек 2020 23:45:15 +07: wait new instruction
Time: Вт 29 дек 2020 23:45:16 +07: sleeping
Time: Вт 29 дек 2020 23:45:31 +07: wait new instruction
Time: Вт 29 дек 2020 23:45:31 +07: sleeping
Time: Вт 29 дек 2020 23:45:46 +07: wait new instruction
Time: Вт 29 дек 2020 23:45:47 +07: sleeping
Time: Вт 29 дек 2020 23:46:02 +07: wait new instruction
Time: Вт 29 дек 2020 23:46:03 +07: sleeping
Time: Вт 29 дек 2020 23:46:18 +07: wait new instruction
Time: Вт 29 дек 2020 23:46:19 +07: sleeping
Time: Вт 29 дек 2020 23:46:34 +07: wait new instruction
Time: Вт 29 дек 2020 23:46:35 +07: sleeping
Time: Вт 29 дек 2020 23:46:50 +07: wait new instruction
Time: Вт 29 дек 2020 23:46:51 +07: sleeping
Time: Вт 29 дек 2020 23:47:06 +07: wait new instruction
Time: Вт 29 дек 2020 23:47:07 +07: sleeping
Time: Вт 29 дек 2020 23:47:22 +07: wait new instruction
Time: Вт 29 дек 2020 23:47:23 +07: sleeping
Time: Вт 29 дек 2020 23:47:38 +07: wait new instruction
Time: Вт 29 дек 2020 23:47:39 +07: sleeping
Time: Вт 29 дек 2020 23:47:54 +07: wait new instruction
Time: Вт 29 дек 2020 23:47:54 +07: sleeping
Time: Вт 29 дек 2020 23:48:09 +07: wait new instruction
Time: Вт 29 дек 2020 23:48:10 +07: sleeping
Time: Вт 29 дек 2020 23:48:25 +07: wait new instruction
Time: Вт 29 дек 2020 23:48:26 +07: sleeping
Time: Вт 29 дек 2020 23:48:41 +07: wait new instruction
Time: Вт 29 дек 2020 23:48:42 +07: sleeping
Time: Вт 29 дек 2020 23:48:57 +07: wait new instruction
Time: Вт 29 дек 2020 23:48:58 +07: sleeping
Time: Вт 29 дек 2020 23:49:13 +07: wait new instruction
Time: Вт 29 дек 2020 23:49:14 +07: sleeping
Time: Вт 29 дек 2020 23:49:29 +07: wait new instruction
Time: Вт 29 дек 2020 23:49:29 +07: sleeping
Time: Вт 29 дек 2020 23:49:44 +07: wait new instruction
Time: Вт 29 дек 2020 23:49:45 +07: sleeping
Time: Вт 29 дек 2020 23:50:00 +07: wait new instruction
Time: Вт 29 дек 2020 23:50:01 +07: sleeping
Time: Вт 29 дек 2020 23:50:16 +07: wait new instruction
Time: Вт 29 дек 2020 23:50:17 +07: sleeping
Time: Вт 29 дек 2020 23:50:32 +07: wait new instruction
Time: Вт 29 дек 2020 23:50:33 +07: sleeping
Time: Вт 29 дек 2020 23:50:48 +07: wait new instruction
Time: Вт 29 дек 2020 23:50:49 +07: sleeping
Time: Вт 29 дек 2020 23:51:04 +07: wait new instruction
Time: Вт 29 дек 2020 23:51:04 +07: sleeping
Time: Вт 29 дек 2020 23:51:19 +07: wait new instruction
Time: Вт 29 дек 2020 23:51:20 +07: sleeping
Time: Вт 29 дек 2020 23:51:35 +07: wait new instruction
Time: Вт 29 дек 2020 23:51:36 +07: sleeping
Time: Вт 29 дек 2020 23:51:51 +07: wait new instruction
Time: Вт 29 дек 2020 23:51:52 +07: sleeping
Time: Вт 29 дек 2020 23:52:07 +07: wait new instruction
Time: Вт 29 дек 2020 23:52:08 +07: sleeping
Time: Вт 29 дек 2020 23:52:23 +07: wait new instruction
Time: Вт 29 дек 2020 23:52:23 +07: sleeping
Time: Вт 29 дек 2020 23:52:38 +07: wait new instruction
Time: Вт 29 дек 2020 23:52:39 +07: sleeping
Time: Вт 29 дек 2020 23:52:54 +07: wait new instruction
Time: Вт 29 дек 2020 23:52:55 +07: sleeping
Time: Вт 29 дек 2020 23:53:10 +07: wait new instruction
Time: Вт 29 дек 2020 23:53:11 +07: sleeping
Time: Вт 29 дек 2020 23:53:26 +07: wait new instruction
Time: Вт 29 дек 2020 23:53:27 +07: sleeping
Time: Вт 29 дек 2020 23:53:42 +07: wait new instruction
Time: Вт 29 дек 2020 23:53:43 +07: sleeping
Time: Вт 29 дек 2020 23:53:58 +07: wait new instruction
Time: Вт 29 дек 2020 23:53:58 +07: sleeping
Time: Вт 29 дек 2020 23:54:13 +07: wait new instruction
Time: Вт 29 дек 2020 23:54:14 +07: sleeping
Time: Вт 29 дек 2020 23:54:29 +07: wait new instruction
Time: Вт 29 дек 2020 23:54:30 +07: sleeping
Time: Вт 29 дек 2020 23:54:45 +07: wait new instruction
Time: Вт 29 дек 2020 23:54:46 +07: sleeping
Time: Вт 29 дек 2020 23:55:01 +07: wait new instruction
Time: Вт 29 дек 2020 23:55:02 +07: sleeping
Time: Вт 29 дек 2020 23:55:17 +07: wait new instruction
Time: Вт 29 дек 2020 23:55:18 +07: sleeping
Time: Вт 29 дек 2020 23:55:33 +07: wait new instruction
Time: Вт 29 дек 2020 23:55:34 +07: sleeping
Time: Вт 29 дек 2020 23:55:49 +07: wait new instruction
Time: Вт 29 дек 2020 23:55:49 +07: sleeping
Time: Вт 29 дек 2020 23:56:04 +07: wait new instruction
Time: Вт 29 дек 2020 23:56:05 +07: sleeping
Time: Вт 29 дек 2020 23:56:20 +07: wait new instruction
Time: Вт 29 дек 2020 23:56:21 +07: sleeping
Time: Вт 29 дек 2020 23:56:36 +07: wait new instruction
Time: Вт 29 дек 2020 23:56:37 +07: sleeping
Time: Вт 29 дек 2020 23:56:52 +07: wait new instruction
Time: Вт 29 дек 2020 23:56:53 +07: sleeping
Time: Вт 29 дек 2020 23:57:08 +07: wait new instruction
Time: Вт 29 дек 2020 23:57:09 +07: sleeping
Time: Вт 29 дек 2020 23:57:24 +07: wait new instruction
Time: Вт 29 дек 2020 23:57:25 +07: sleeping
Time: Вт 29 дек 2020 23:57:40 +07: wait new instruction
Time: Вт 29 дек 2020 23:57:40 +07: sleeping
Time: Вт 29 дек 2020 23:57:55 +07: wait new instruction
Time: Вт 29 дек 2020 23:57:56 +07: sleeping
Time: Вт 29 дек 2020 23:58:11 +07: wait new instruction
Time: Вт 29 дек 2020 23:58:12 +07: sleeping
Time: Вт 29 дек 2020 23:58:27 +07: wait new instruction
Time: Вт 29 дек 2020 23:58:28 +07: sleeping
Time: Вт 29 дек 2020 23:58:43 +07: wait new instruction
Time: Вт 29 дек 2020 23:58:44 +07: sleeping
Time: Вт 29 дек 2020 23:58:59 +07: wait new instruction
Time: Вт 29 дек 2020 23:59:00 +07: sleeping
Time: Вт 29 дек 2020 23:59:15 +07: wait new instruction
Time: Вт 29 дек 2020 23:59:15 +07: sleeping
Time: Вт 29 дек 2020 23:59:30 +07: wait new instruction
Time: Вт 29 дек 2020 23:59:31 +07: sleeping
Time: Вт 29 дек 2020 23:59:46 +07: wait new instruction
Time: Вт 29 дек 2020 23:59:47 +07: sleeping
Time: Ср 30 дек 2020 00:00:02 +07: wait new instruction
Time: Ср 30 дек 2020 00:00:03 +07: sleeping
Time: Ср 30 дек 2020 00:00:18 +07: wait new instruction
Time: Ср 30 дек 2020 00:00:19 +07: sleeping
Time: Ср 30 дек 2020 00:00:34 +07: wait new instruction
Time: Ср 30 дек 2020 00:00:35 +07: sleeping
Time: Ср 30 дек 2020 00:00:50 +07: wait new instruction
Time: Ср 30 дек 2020 00:00:51 +07: sleeping
Time: Ср 30 дек 2020 00:01:06 +07: wait new instruction
Time: Ср 30 дек 2020 00:01:06 +07: sleeping
Time: Ср 30 дек 2020 00:01:21 +07: wait new instruction
Time: Ср 30 дек 2020 00:01:22 +07: sleeping
Time: Ср 30 дек 2020 00:01:37 +07: wait new instruction
Time: Ср 30 дек 2020 00:01:38 +07: sleeping
Time: Ср 30 дек 2020 00:01:53 +07: wait new instruction
Time: Ср 30 дек 2020 00:01:54 +07: sleeping
Time: Ср 30 дек 2020 00:02:09 +07: wait new instruction
Time: Ср 30 дек 2020 00:02:10 +07: sleeping
Time: Ср 30 дек 2020 00:02:25 +07: wait new instruction
Time: Ср 30 дек 2020 00:02:26 +07: sleeping
Time: Ср 30 дек 2020 00:02:41 +07: wait new instruction
Time: Ср 30 дек 2020 00:02:41 +07: sleeping
Time: Ср 30 дек 2020 00:02:56 +07: wait new instruction
Time: Ср 30 дек 2020 00:02:57 +07: sleeping
Time: Ср 30 дек 2020 00:03:12 +07: wait new instruction
Time: Ср 30 дек 2020 00:03:13 +07: sleeping
Time: Ср 30 дек 2020 00:03:28 +07: wait new instruction
Time: Ср 30 дек 2020 00:03:29 +07: sleeping
Time: Ср 30 дек 2020 00:03:44 +07: wait new instruction
Time: Ср 30 дек 2020 00:03:45 +07: sleeping
Time: Ср 30 дек 2020 00:04:00 +07: wait new instruction
Time: Ср 30 дек 2020 00:04:01 +07: sleeping
Time: Ср 30 дек 2020 00:04:16 +07: wait new instruction
Time: Ср 30 дек 2020 00:04:16 +07: sleeping
Time: Ср 30 дек 2020 00:04:31 +07: wait new instruction
Time: Ср 30 дек 2020 00:04:32 +07: sleeping
Time: Ср 30 дек 2020 00:04:47 +07: wait new instruction
Time: Ср 30 дек 2020 00:04:48 +07: sleeping
Time: Ср 30 дек 2020 00:05:03 +07: wait new instruction
Time: Ср 30 дек 2020 00:05:04 +07: sleeping
Time: Ср 30 дек 2020 00:05:19 +07: wait new instruction
Time: Ср 30 дек 2020 00:05:20 +07: sleeping
Time: Ср 30 дек 2020 00:05:35 +07: wait new instruction
Time: Ср 30 дек 2020 00:05:36 +07: sleeping
Time: Ср 30 дек 2020 00:05:51 +07: wait new instruction
Time: Ср 30 дек 2020 00:05:51 +07: sleeping
Time: Ср 30 дек 2020 00:06:06 +07: wait new instruction
Time: Ср 30 дек 2020 00:06:07 +07: sleeping
Time: Ср 30 дек 2020 00:06:22 +07: wait new instruction
Time: Ср 30 дек 2020 00:06:23 +07: sleeping
Time: Ср 30 дек 2020 00:06:38 +07: wait new instruction
Time: Ср 30 дек 2020 00:06:39 +07: sleeping
Time: Ср 30 дек 2020 00:06:54 +07: wait new instruction
Time: Ср 30 дек 2020 00:06:55 +07: sleeping
Time: Ср 30 дек 2020 00:07:10 +07: wait new instruction
Time: Ср 30 дек 2020 00:07:11 +07: sleeping
Time: Ср 30 дек 2020 00:07:26 +07: wait new instruction
Time: Ср 30 дек 2020 00:07:26 +07: sleeping
Time: Ср 30 дек 2020 00:07:41 +07: wait new instruction
Time: Ср 30 дек 2020 00:07:42 +07: sleeping
Time: Ср 30 дек 2020 00:07:57 +07: wait new instruction
Time: Ср 30 дек 2020 00:07:58 +07: sleeping
Time: Ср 30 дек 2020 00:08:13 +07: wait new instruction
Time: Ср 30 дек 2020 00:08:14 +07: sleeping
Time: Ср 30 дек 2020 00:08:29 +07: wait new instruction
Time: Ср 30 дек 2020 00:08:30 +07: sleeping
Time: Ср 30 дек 2020 00:08:45 +07: wait new instruction
Time: Ср 30 дек 2020 00:08:46 +07: sleeping
Time: Ср 30 дек 2020 00:09:01 +07: wait new instruction
Time: Ср 30 дек 2020 00:09:01 +07: sleeping
Time: Ср 30 дек 2020 00:09:16 +07: wait new instruction
Time: Ср 30 дек 2020 00:09:17 +07: sleeping
Time: Ср 30 дек 2020 00:09:32 +07: wait new instruction
Time: Ср 30 дек 2020 00:09:33 +07: sleeping
Time: Ср 30 дек 2020 00:09:48 +07: wait new instruction
Time: Ср 30 дек 2020 00:09:49 +07: sleeping
Time: Ср 30 дек 2020 00:10:04 +07: wait new instruction
Time: Ср 30 дек 2020 00:10:05 +07: sleeping
Time: Ср 30 дек 2020 00:10:20 +07: wait new instruction
Time: Ср 30 дек 2020 00:10:21 +07: sleeping
Time: Ср 30 дек 2020 00:10:36 +07: wait new instruction
Time: Ср 30 дек 2020 00:10:36 +07: sleeping
Time: Ср 30 дек 2020 00:10:51 +07: wait new instruction
Time: Ср 30 дек 2020 00:10:52 +07: sleeping
Time: Ср 30 дек 2020 00:11:07 +07: wait new instruction
Time: Ср 30 дек 2020 00:11:08 +07: sleeping
Time: Ср 30 дек 2020 00:11:23 +07: wait new instruction
Time: Ср 30 дек 2020 00:11:24 +07: sleeping
Time: Ср 30 дек 2020 00:11:39 +07: wait new instruction
Time: Ср 30 дек 2020 00:11:40 +07: get new instruction
